2024-05-22T06:11:46+00:00 CRITICAL Uncaught Error: Call to undefined function WPForms\Integrations\Gutenberg\wpforms_is_rest() in /var/www/NFS/nfs_wp/wp-content/plugins/wpforms-lite/src/Integrations/Gutenberg/RestApi.php:53
Stack trace:
#0 /var/www/NFS/nfs_wp/wp-content/plugins/wpforms-lite/src/Lite/Integrations/Gutenberg/FormSelector.php(47): WPForms\Integrations\Gutenberg\RestApi->__construct(Object(WPForms\Lite\Integrations\Gutenberg\FormSelector), Object(WPForms\Lite\Integrations\Gutenberg\ThemesData))
#1 /var/www/NFS/nfs_wp/wp-includes/class-wp-hook.php(324): WPForms\Lite\Integrations\Gutenberg\FormSelector->init_rest(Object(WP_REST_Server))
#2 /var/www/NFS/nfs_wp/wp-includes/class-wp-hook.php(348): WP_Hook->apply_filters(NULL, Array)
#3 /var/www/NFS/nfs_wp/wp-includes/plugin.php(517): WP_Hook->do_action(Array)
#4 /var/www/NFS/nfs_wp/wp-includes/rest-api.php(597): do_action('rest_api_init', Object(WP_REST_Server))
#5 /var/www/NFS/nfs_wp/wp-includes/rest-api.php(555): rest_get_server()
#6 /var/www/NFS/nfs_wp/wp-content/plugins/woocommerce/ в /var/www/NFS/nfs_wp/wp-content/plugins/wpforms-lite/src/Integrations/Gutenberg/RestApi.php на строке 53

2024-05-22T06:11:54+00:00 CRITICAL Uncaught Error: Call to undefined function WPForms\Integrations\Gutenberg\wpforms_is_rest() in /var/www/NFS/nfs_wp/wp-content/plugins/wpforms-lite/src/Integrations/Gutenberg/RestApi.php:53
Stack trace:
#0 /var/www/NFS/nfs_wp/wp-content/plugins/wpforms-lite/src/Lite/Integrations/Gutenberg/FormSelector.php(47): WPForms\Integrations\Gutenberg\RestApi->__construct(Object(WPForms\Lite\Integrations\Gutenberg\FormSelector), Object(WPForms\Lite\Integrations\Gutenberg\ThemesData))
#1 /var/www/NFS/nfs_wp/wp-includes/class-wp-hook.php(324): WPForms\Lite\Integrations\Gutenberg\FormSelector->init_rest(Object(WP_REST_Server))
#2 /var/www/NFS/nfs_wp/wp-includes/class-wp-hook.php(348): WP_Hook->apply_filters(NULL, Array)
#3 /var/www/NFS/nfs_wp/wp-includes/plugin.php(517): WP_Hook->do_action(Array)
#4 /var/www/NFS/nfs_wp/wp-includes/rest-api.php(597): do_action('rest_api_init', Object(WP_REST_Server))
#5 /var/www/NFS/nfs_wp/wp-includes/rest-api.php(555): rest_get_server()
#6 /var/www/NFS/nfs_wp/wp-includes/rest-api.php(2922): в /var/www/NFS/nfs_wp/wp-content/plugins/wpforms-lite/src/Integrations/Gutenberg/RestApi.php на строке 53

2024-05-22T06:13:01+00:00 CRITICAL Uncaught Error: Call to undefined function WPForms\Integrations\Gutenberg\wpforms_is_rest() in /var/www/NFS/nfs_wp/wp-content/plugins/wpforms-lite/src/Integrations/Gutenberg/RestApi.php:53
Stack trace:
#0 /var/www/NFS/nfs_wp/wp-content/plugins/wpforms-lite/src/Lite/Integrations/Gutenberg/FormSelector.php(47): WPForms\Integrations\Gutenberg\RestApi->__construct(Object(WPForms\Lite\Integrations\Gutenberg\FormSelector), Object(WPForms\Lite\Integrations\Gutenberg\ThemesData))
#1 /var/www/NFS/nfs_wp/wp-includes/class-wp-hook.php(324): WPForms\Lite\Integrations\Gutenberg\FormSelector->init_rest(Object(WP_REST_Server))
#2 /var/www/NFS/nfs_wp/wp-includes/class-wp-hook.php(348): WP_Hook->apply_filters(NULL, Array)
#3 /var/www/NFS/nfs_wp/wp-includes/plugin.php(517): WP_Hook->do_action(Array)
#4 /var/www/NFS/nfs_wp/wp-includes/rest-api.php(597): do_action('rest_api_init', Object(WP_REST_Server))
#5 /var/www/NFS/nfs_wp/wp-includes/rest-api.php(555): rest_get_server()
#6 /var/www/NFS/nfs_wp/wp-includes/rest-api.php(2922): в /var/www/NFS/nfs_wp/wp-content/plugins/wpforms-lite/src/Integrations/Gutenberg/RestApi.php на строке 53

2024-05-22T06:13:45+00:00 CRITICAL Uncaught Error: Call to undefined function WPForms\Integrations\Gutenberg\wpforms_is_rest() in /var/www/NFS/nfs_wp/wp-content/plugins/wpforms-lite/src/Integrations/Gutenberg/RestApi.php:53
Stack trace:
#0 /var/www/NFS/nfs_wp/wp-content/plugins/wpforms-lite/src/Lite/Integrations/Gutenberg/FormSelector.php(47): WPForms\Integrations\Gutenberg\RestApi->__construct(Object(WPForms\Lite\Integrations\Gutenberg\FormSelector), Object(WPForms\Lite\Integrations\Gutenberg\ThemesData))
#1 /var/www/NFS/nfs_wp/wp-includes/class-wp-hook.php(324): WPForms\Lite\Integrations\Gutenberg\FormSelector->init_rest(Object(WP_REST_Server))
#2 /var/www/NFS/nfs_wp/wp-includes/class-wp-hook.php(348): WP_Hook->apply_filters(NULL, Array)
#3 /var/www/NFS/nfs_wp/wp-includes/plugin.php(517): WP_Hook->do_action(Array)
#4 /var/www/NFS/nfs_wp/wp-includes/rest-api.php(597): do_action('rest_api_init', Object(WP_REST_Server))
#5 /var/www/NFS/nfs_wp/wp-includes/rest-api.php(555): rest_get_server()
#6 /var/www/NFS/nfs_wp/wp-includes/rest-api.php(2922): в /var/www/NFS/nfs_wp/wp-content/plugins/wpforms-lite/src/Integrations/Gutenberg/RestApi.php на строке 53

2024-05-22T06:16:01+00:00 CRITICAL Uncaught Error: Call to undefined function WPForms\Integrations\Gutenberg\wpforms_is_rest() in /var/www/NFS/nfs_wp/wp-content/plugins/wpforms-lite/src/Integrations/Gutenberg/RestApi.php:53
Stack trace:
#0 /var/www/NFS/nfs_wp/wp-content/plugins/wpforms-lite/src/Lite/Integrations/Gutenberg/FormSelector.php(47): WPForms\Integrations\Gutenberg\RestApi->__construct(Object(WPForms\Lite\Integrations\Gutenberg\FormSelector), Object(WPForms\Lite\Integrations\Gutenberg\ThemesData))
#1 /var/www/NFS/nfs_wp/wp-includes/class-wp-hook.php(324): WPForms\Lite\Integrations\Gutenberg\FormSelector->init_rest(Object(WP_REST_Server))
#2 /var/www/NFS/nfs_wp/wp-includes/class-wp-hook.php(348): WP_Hook->apply_filters(NULL, Array)
#3 /var/www/NFS/nfs_wp/wp-includes/plugin.php(517): WP_Hook->do_action(Array)
#4 /var/www/NFS/nfs_wp/wp-includes/rest-api.php(597): do_action('rest_api_init', Object(WP_REST_Server))
#5 /var/www/NFS/nfs_wp/wp-includes/rest-api.php(555): rest_get_server()
#6 /var/www/NFS/nfs_wp/wp-includes/rest-api.php(2922): в /var/www/NFS/nfs_wp/wp-content/plugins/wpforms-lite/src/Integrations/Gutenberg/RestApi.php на строке 53

2024-05-22T06:16:06+00:00 CRITICAL Uncaught Error: Call to undefined function WPForms\Integrations\Gutenberg\wpforms_is_rest() in /var/www/NFS/nfs_wp/wp-content/plugins/wpforms-lite/src/Integrations/Gutenberg/RestApi.php:53
Stack trace:
#0 /var/www/NFS/nfs_wp/wp-content/plugins/wpforms-lite/src/Lite/Integrations/Gutenberg/FormSelector.php(47): WPForms\Integrations\Gutenberg\RestApi->__construct(Object(WPForms\Lite\Integrations\Gutenberg\FormSelector), Object(WPForms\Lite\Integrations\Gutenberg\ThemesData))
#1 /var/www/NFS/nfs_wp/wp-includes/class-wp-hook.php(324): WPForms\Lite\Integrations\Gutenberg\FormSelector->init_rest(Object(WP_REST_Server))
#2 /var/www/NFS/nfs_wp/wp-includes/class-wp-hook.php(348): WP_Hook->apply_filters(NULL, Array)
#3 /var/www/NFS/nfs_wp/wp-includes/plugin.php(517): WP_Hook->do_action(Array)
#4 /var/www/NFS/nfs_wp/wp-includes/rest-api.php(597): do_action('rest_api_init', Object(WP_REST_Server))
#5 /var/www/NFS/nfs_wp/wp-includes/rest-api.php(555): rest_get_server()
#6 /var/www/NFS/nfs_wp/wp-includes/rest-api.php(2922): в /var/www/NFS/nfs_wp/wp-content/plugins/wpforms-lite/src/Integrations/Gutenberg/RestApi.php на строке 53

2024-05-22T06:20:03+00:00 CRITICAL Uncaught Error: Call to undefined function WPForms\Integrations\Gutenberg\wpforms_is_rest() in /var/www/NFS/nfs_wp/wp-content/plugins/wpforms-lite/src/Integrations/Gutenberg/RestApi.php:53
Stack trace:
#0 /var/www/NFS/nfs_wp/wp-content/plugins/wpforms-lite/src/Lite/Integrations/Gutenberg/FormSelector.php(47): WPForms\Integrations\Gutenberg\RestApi->__construct(Object(WPForms\Lite\Integrations\Gutenberg\FormSelector), Object(WPForms\Lite\Integrations\Gutenberg\ThemesData))
#1 /var/www/NFS/nfs_wp/wp-includes/class-wp-hook.php(324): WPForms\Lite\Integrations\Gutenberg\FormSelector->init_rest(Object(WP_REST_Server))
#2 /var/www/NFS/nfs_wp/wp-includes/class-wp-hook.php(348): WP_Hook->apply_filters(NULL, Array)
#3 /var/www/NFS/nfs_wp/wp-includes/plugin.php(517): WP_Hook->do_action(Array)
#4 /var/www/NFS/nfs_wp/wp-includes/rest-api.php(597): do_action('rest_api_init', Object(WP_REST_Server))
#5 /var/www/NFS/nfs_wp/wp-includes/rest-api.php(555): rest_get_server()
#6 /var/www/NFS/nfs_wp/wp-content/plugins/woocommerce/ в /var/www/NFS/nfs_wp/wp-content/plugins/wpforms-lite/src/Integrations/Gutenberg/RestApi.php на строке 53

2024-05-22T06:20:21+00:00 CRITICAL Uncaught Error: Call to undefined function WPForms\Integrations\Gutenberg\wpforms_is_rest() in /var/www/NFS/nfs_wp/wp-content/plugins/wpforms-lite/src/Integrations/Gutenberg/RestApi.php:53
Stack trace:
#0 /var/www/NFS/nfs_wp/wp-content/plugins/wpforms-lite/src/Lite/Integrations/Gutenberg/FormSelector.php(47): WPForms\Integrations\Gutenberg\RestApi->__construct(Object(WPForms\Lite\Integrations\Gutenberg\FormSelector), Object(WPForms\Lite\Integrations\Gutenberg\ThemesData))
#1 /var/www/NFS/nfs_wp/wp-includes/class-wp-hook.php(324): WPForms\Lite\Integrations\Gutenberg\FormSelector->init_rest(Object(WP_REST_Server))
#2 /var/www/NFS/nfs_wp/wp-includes/class-wp-hook.php(348): WP_Hook->apply_filters(NULL, Array)
#3 /var/www/NFS/nfs_wp/wp-includes/plugin.php(517): WP_Hook->do_action(Array)
#4 /var/www/NFS/nfs_wp/wp-includes/rest-api.php(597): do_action('rest_api_init', Object(WP_REST_Server))
#5 /var/www/NFS/nfs_wp/wp-includes/rest-api.php(555): rest_get_server()
#6 /var/www/NFS/nfs_wp/wp-includes/rest-api.php(2922): в /var/www/NFS/nfs_wp/wp-content/plugins/wpforms-lite/src/Integrations/Gutenberg/RestApi.php на строке 53

2024-05-22T06:31:30+00:00 CRITICAL Uncaught Error: Call to undefined function WPForms\Integrations\Gutenberg\wpforms_is_rest() in /var/www/NFS/nfs_wp/wp-content/plugins/wpforms-lite/src/Integrations/Gutenberg/RestApi.php:53
Stack trace:
#0 /var/www/NFS/nfs_wp/wp-content/plugins/wpforms-lite/src/Lite/Integrations/Gutenberg/FormSelector.php(47): WPForms\Integrations\Gutenberg\RestApi->__construct(Object(WPForms\Lite\Integrations\Gutenberg\FormSelector), Object(WPForms\Lite\Integrations\Gutenberg\ThemesData))
#1 /var/www/NFS/nfs_wp/wp-includes/class-wp-hook.php(324): WPForms\Lite\Integrations\Gutenberg\FormSelector->init_rest(Object(WP_REST_Server))
#2 /var/www/NFS/nfs_wp/wp-includes/class-wp-hook.php(348): WP_Hook->apply_filters(NULL, Array)
#3 /var/www/NFS/nfs_wp/wp-includes/plugin.php(517): WP_Hook->do_action(Array)
#4 /var/www/NFS/nfs_wp/wp-includes/rest-api.php(597): do_action('rest_api_init', Object(WP_REST_Server))
#5 /var/www/NFS/nfs_wp/wp-includes/rest-api.php(555): rest_get_server()
#6 /var/www/NFS/nfs_wp/wp-includes/rest-api.php(2922): в /var/www/NFS/nfs_wp/wp-content/plugins/wpforms-lite/src/Integrations/Gutenberg/RestApi.php на строке 53

2024-05-22T06:32:42+00:00 CRITICAL Uncaught Error: Call to undefined function WPForms\Integrations\Gutenberg\wpforms_is_rest() in /var/www/NFS/nfs_wp/wp-content/plugins/wpforms-lite/src/Integrations/Gutenberg/RestApi.php:53
Stack trace:
#0 /var/www/NFS/nfs_wp/wp-content/plugins/wpforms-lite/src/Lite/Integrations/Gutenberg/FormSelector.php(47): WPForms\Integrations\Gutenberg\RestApi->__construct(Object(WPForms\Lite\Integrations\Gutenberg\FormSelector), Object(WPForms\Lite\Integrations\Gutenberg\ThemesData))
#1 /var/www/NFS/nfs_wp/wp-includes/class-wp-hook.php(324): WPForms\Lite\Integrations\Gutenberg\FormSelector->init_rest(Object(WP_REST_Server))
#2 /var/www/NFS/nfs_wp/wp-includes/class-wp-hook.php(348): WP_Hook->apply_filters(NULL, Array)
#3 /var/www/NFS/nfs_wp/wp-includes/plugin.php(517): WP_Hook->do_action(Array)
#4 /var/www/NFS/nfs_wp/wp-includes/rest-api.php(597): do_action('rest_api_init', Object(WP_REST_Server))
#5 /var/www/NFS/nfs_wp/wp-includes/rest-api.php(555): rest_get_server()
#6 /var/www/NFS/nfs_wp/wp-includes/rest-api.php(2922): в /var/www/NFS/nfs_wp/wp-content/plugins/wpforms-lite/src/Integrations/Gutenberg/RestApi.php на строке 53

2024-05-22T06:36:21+00:00 CRITICAL Uncaught Error: Call to undefined function WPForms\Integrations\Gutenberg\wpforms_is_rest() in /var/www/NFS/nfs_wp/wp-content/plugins/wpforms-lite/src/Integrations/Gutenberg/RestApi.php:53
Stack trace:
#0 /var/www/NFS/nfs_wp/wp-content/plugins/wpforms-lite/src/Lite/Integrations/Gutenberg/FormSelector.php(47): WPForms\Integrations\Gutenberg\RestApi->__construct(Object(WPForms\Lite\Integrations\Gutenberg\FormSelector), Object(WPForms\Lite\Integrations\Gutenberg\ThemesData))
#1 /var/www/NFS/nfs_wp/wp-includes/class-wp-hook.php(324): WPForms\Lite\Integrations\Gutenberg\FormSelector->init_rest(Object(WP_REST_Server))
#2 /var/www/NFS/nfs_wp/wp-includes/class-wp-hook.php(348): WP_Hook->apply_filters(NULL, Array)
#3 /var/www/NFS/nfs_wp/wp-includes/plugin.php(517): WP_Hook->do_action(Array)
#4 /var/www/NFS/nfs_wp/wp-includes/rest-api.php(597): do_action('rest_api_init', Object(WP_REST_Server))
#5 /var/www/NFS/nfs_wp/wp-includes/rest-api.php(555): rest_get_server()
#6 /var/www/NFS/nfs_wp/wp-includes/rest-api.php(2922): в /var/www/NFS/nfs_wp/wp-content/plugins/wpforms-lite/src/Integrations/Gutenberg/RestApi.php на строке 53

2024-05-22T07:08:39+00:00 CRITICAL Uncaught Error: Call to undefined function WPForms\Integrations\Gutenberg\wpforms_is_rest() in /var/www/NFS/nfs_wp/wp-content/plugins/wpforms-lite/src/Integrations/Gutenberg/RestApi.php:53
Stack trace:
#0 /var/www/NFS/nfs_wp/wp-content/plugins/wpforms-lite/src/Lite/Integrations/Gutenberg/FormSelector.php(47): WPForms\Integrations\Gutenberg\RestApi->__construct(Object(WPForms\Lite\Integrations\Gutenberg\FormSelector), Object(WPForms\Lite\Integrations\Gutenberg\ThemesData))
#1 /var/www/NFS/nfs_wp/wp-includes/class-wp-hook.php(324): WPForms\Lite\Integrations\Gutenberg\FormSelector->init_rest(Object(WP_REST_Server))
#2 /var/www/NFS/nfs_wp/wp-includes/class-wp-hook.php(348): WP_Hook->apply_filters(NULL, Array)
#3 /var/www/NFS/nfs_wp/wp-includes/plugin.php(517): WP_Hook->do_action(Array)
#4 /var/www/NFS/nfs_wp/wp-includes/rest-api.php(597): do_action('rest_api_init', Object(WP_REST_Server))
#5 /var/www/NFS/nfs_wp/wp-includes/rest-api.php(555): rest_get_server()
#6 /var/www/NFS/nfs_wp/wp-content/plugins/woocommerce/ в /var/www/NFS/nfs_wp/wp-content/plugins/wpforms-lite/src/Integrations/Gutenberg/RestApi.php на строке 53

