2024-04-22T11:13:31+00:00 CRITICAL Uncaught ArgumentCountError: Too few arguments to function add_action(), 1 passed in /var/www/nfs-wp/wp-content/themes/cartify-child/functions.php on line 20 and at least 2 expected in /var/www/nfs-wp/wp-includes/plugin.php:441
Stack trace:
#0 /var/www/nfs-wp/wp-content/themes/cartify-child/functions.php(20): add_action()
#1 /var/www/nfs-wp/wp-settings.php(663): include('/var/www/nfs-wp...')
#2 /var/www/nfs-wp/wp-config.php(97): require_once('/var/www/nfs-wp...')
#3 /var/www/nfs-wp/wp-load.php(50): require_once('/var/www/nfs-wp...')
#4 /var/www/nfs-wp/wp-admin/admin-ajax.php(22): require_once('/var/www/nfs-wp...')
#5 {main}
  thrown в /var/www/nfs-wp/wp-includes/plugin.php на строке 441

2024-04-22T11:14:12+00:00 CRITICAL Uncaught ArgumentCountError: Too few arguments to function add_action(), 1 passed in /var/www/nfs-wp/wp-content/themes/cartify-child/functions.php on line 20 and at least 2 expected in /var/www/nfs-wp/wp-includes/plugin.php:441
Stack trace:
#0 /var/www/nfs-wp/wp-content/themes/cartify-child/functions.php(20): add_action()
#1 /var/www/nfs-wp/wp-settings.php(663): include('/var/www/nfs-wp...')
#2 /var/www/nfs-wp/wp-config.php(97): require_once('/var/www/nfs-wp...')
#3 /var/www/nfs-wp/wp-load.php(50): require_once('/var/www/nfs-wp...')
#4 /var/www/nfs-wp/wp-admin/admin-ajax.php(22): require_once('/var/www/nfs-wp...')
#5 {main}
  thrown в /var/www/nfs-wp/wp-includes/plugin.php на строке 441

2024-04-22T11:14:15+00:00 CRITICAL Uncaught ArgumentCountError: Too few arguments to function add_action(), 1 passed in /var/www/nfs-wp/wp-content/themes/cartify-child/functions.php on line 20 and at least 2 expected in /var/www/nfs-wp/wp-includes/plugin.php:441
Stack trace:
#0 /var/www/nfs-wp/wp-content/themes/cartify-child/functions.php(20): add_action()
#1 /var/www/nfs-wp/wp-settings.php(663): include('/var/www/nfs-wp...')
#2 /var/www/nfs-wp/wp-config.php(97): require_once('/var/www/nfs-wp...')
#3 /var/www/nfs-wp/wp-load.php(50): require_once('/var/www/nfs-wp...')
#4 /var/www/nfs-wp/wp-admin/admin-ajax.php(22): require_once('/var/www/nfs-wp...')
#5 {main}
  thrown в /var/www/nfs-wp/wp-includes/plugin.php на строке 441

2024-04-22T11:14:16+00:00 CRITICAL Uncaught ArgumentCountError: Too few arguments to function add_action(), 1 passed in /var/www/nfs-wp/wp-content/themes/cartify-child/functions.php on line 20 and at least 2 expected in /var/www/nfs-wp/wp-includes/plugin.php:441
Stack trace:
#0 /var/www/nfs-wp/wp-content/themes/cartify-child/functions.php(20): add_action()
#1 /var/www/nfs-wp/wp-settings.php(663): include('/var/www/nfs-wp...')
#2 /var/www/nfs-wp/wp-config.php(97): require_once('/var/www/nfs-wp...')
#3 /var/www/nfs-wp/wp-load.php(50): require_once('/var/www/nfs-wp...')
#4 /var/www/nfs-wp/wp-admin/admin.php(34): require_once('/var/www/nfs-wp...')
#5 /var/www/nfs-wp/wp-admin/post-new.php(10): require_once('/var/www/nfs-wp...')
#6 {main}
  thrown в /var/www/nfs-wp/wp-includes/plugin.php на строке 441

2024-04-22T11:14:16+00:00 CRITICAL Uncaught ArgumentCountError: Too few arguments to function add_action(), 1 passed in /var/www/nfs-wp/wp-content/themes/cartify-child/functions.php on line 20 and at least 2 expected in /var/www/nfs-wp/wp-includes/plugin.php:441
Stack trace:
#0 /var/www/nfs-wp/wp-content/themes/cartify-child/functions.php(20): add_action()
#1 /var/www/nfs-wp/wp-settings.php(663): include('/var/www/nfs-wp...')
#2 /var/www/nfs-wp/wp-config.php(97): require_once('/var/www/nfs-wp...')
#3 /var/www/nfs-wp/wp-load.php(50): require_once('/var/www/nfs-wp...')
#4 /var/www/nfs-wp/wp-admin/admin-ajax.php(22): require_once('/var/www/nfs-wp...')
#5 {main}
  thrown в /var/www/nfs-wp/wp-includes/plugin.php на строке 441

2024-04-22T11:14:32+00:00 CRITICAL Uncaught ArgumentCountError: Too few arguments to function add_action(), 1 passed in /var/www/nfs-wp/wp-content/themes/cartify-child/functions.php on line 20 and at least 2 expected in /var/www/nfs-wp/wp-includes/plugin.php:441
Stack trace:
#0 /var/www/nfs-wp/wp-content/themes/cartify-child/functions.php(20): add_action()
#1 /var/www/nfs-wp/wp-settings.php(663): include('/var/www/nfs-wp...')
#2 /var/www/nfs-wp/wp-config.php(97): require_once('/var/www/nfs-wp...')
#3 /var/www/nfs-wp/wp-load.php(50): require_once('/var/www/nfs-wp...')
#4 /var/www/nfs-wp/wp-admin/admin-ajax.php(22): require_once('/var/www/nfs-wp...')
#5 {main}
  thrown в /var/www/nfs-wp/wp-includes/plugin.php на строке 441

