2024-05-21T13:13:17+00:00 CRITICAL Uncaught Error: Call to undefined method WC_Order_Item_Product::get_price() in /var/www/nfs-wp/wp-content/themes/cartify-child/functions.php:61
Stack trace:
#0 /var/www/nfs-wp/wp-includes/rest-api/class-wp-rest-server.php(1230): get_order_by_id()
#1 /var/www/nfs-wp/wp-includes/rest-api/class-wp-rest-server.php(1063): WP_REST_Server->respond_to_request()
#2 /var/www/nfs-wp/wp-includes/rest-api/class-wp-rest-server.php(439): WP_REST_Server->dispatch()
#3 /var/www/nfs-wp/wp-includes/rest-api.php(428): WP_REST_Server->serve_request()
#4 /var/www/nfs-wp/wp-includes/class-wp-hook.php(324): rest_api_loaded()
#5 /var/www/nfs-wp/wp-includes/class-wp-hook.php(348): WP_Hook->apply_filters()
#6 /var/www/nfs-wp/wp-includes/plugin.php(565): WP_Hook->do_action()
#7 /var/www/nfs-wp/wp-includes/class-wp.php(418): do_action_ref_array()
#8 /var/www/nfs-wp/wp-includes/class-wp.php(813): WP->parse_request()
#9 /var/www/nfs-wp/wp-includes/functions.php(1336): WP->main()
#10 /var/www/nfs-wp/wp-blog-header.php(16): wp()
#11 /var/www в /var/www/nfs-wp/wp-content/themes/cartify-child/functions.php на строке 61

2024-05-21T13:14:44+00:00 CRITICAL Uncaught Error: Call to undefined function get_the_price() in /var/www/nfs-wp/wp-content/themes/cartify-child/functions.php:61
Stack trace:
#0 /var/www/nfs-wp/wp-includes/rest-api/class-wp-rest-server.php(1230): get_order_by_id()
#1 /var/www/nfs-wp/wp-includes/rest-api/class-wp-rest-server.php(1063): WP_REST_Server->respond_to_request()
#2 /var/www/nfs-wp/wp-includes/rest-api/class-wp-rest-server.php(439): WP_REST_Server->dispatch()
#3 /var/www/nfs-wp/wp-includes/rest-api.php(428): WP_REST_Server->serve_request()
#4 /var/www/nfs-wp/wp-includes/class-wp-hook.php(324): rest_api_loaded()
#5 /var/www/nfs-wp/wp-includes/class-wp-hook.php(348): WP_Hook->apply_filters()
#6 /var/www/nfs-wp/wp-includes/plugin.php(565): WP_Hook->do_action()
#7 /var/www/nfs-wp/wp-includes/class-wp.php(418): do_action_ref_array()
#8 /var/www/nfs-wp/wp-includes/class-wp.php(813): WP->parse_request()
#9 /var/www/nfs-wp/wp-includes/functions.php(1336): WP->main()
#10 /var/www/nfs-wp/wp-blog-header.php(16): wp()
#11 /var/www/nfs-wp/index.php в /var/www/nfs-wp/wp-content/themes/cartify-child/functions.php на строке 61

2024-05-21T14:55:05+00:00 CRITICAL Uncaught Error: Call to undefined function WPForms\Integrations\Gutenberg\wpforms_is_rest() in /var/www/NFS/nfs_wp/wp-content/plugins/wpforms-lite/src/Integrations/Gutenberg/RestApi.php:53
Stack trace:
#0 /var/www/NFS/nfs_wp/wp-content/plugins/wpforms-lite/src/Lite/Integrations/Gutenberg/FormSelector.php(47): WPForms\Integrations\Gutenberg\RestApi->__construct(Object(WPForms\Lite\Integrations\Gutenberg\FormSelector), Object(WPForms\Lite\Integrations\Gutenberg\ThemesData))
#1 /var/www/NFS/nfs_wp/wp-includes/class-wp-hook.php(324): WPForms\Lite\Integrations\Gutenberg\FormSelector->init_rest(Object(WP_REST_Server))
#2 /var/www/NFS/nfs_wp/wp-includes/class-wp-hook.php(348): WP_Hook->apply_filters(NULL, Array)
#3 /var/www/NFS/nfs_wp/wp-includes/plugin.php(517): WP_Hook->do_action(Array)
#4 /var/www/NFS/nfs_wp/wp-includes/rest-api.php(597): do_action('rest_api_init', Object(WP_REST_Server))
#5 /var/www/NFS/nfs_wp/wp-includes/rest-api.php(555): rest_get_server()
#6 /var/www/NFS/nfs_wp/wp-includes/rest-api.php(2922): в /var/www/NFS/nfs_wp/wp-content/plugins/wpforms-lite/src/Integrations/Gutenberg/RestApi.php на строке 53

