2024-04-22T08:25:30+00:00 INFO Array
(
    [Webhook Delivery] => Array
        (
            [Delivery ID] => fc36b50ca5826fb88e95f8a54cce2b6f
            [Date] => 22.04.2024 в 08:25
            [URL] => http://92.242.112.164:8030/webhook
            [Duration] => 0.08464
            [Request] => Array
                (
                    [Method] => POST
                    [Headers] => Array
                        (
                            [User-Agent] => WooCommerce/8.3.0 Hookshot (WordPress/6.5)
                            [Content-Type] => application/json
                            [X-WC-Webhook-Source] => http://nfs-wp.loc/
                            [X-WC-Webhook-Topic] => order.created
                            [X-WC-Webhook-Resource] => order
                            [X-WC-Webhook-Event] => created
                            [X-WC-Webhook-Signature] => +uHqovRcB64769nR3DMizmvK8zrQElR0J8c4yEHoavw=
                            [X-WC-Webhook-ID] => 1
                            [X-WC-Webhook-Delivery-ID] => fc36b50ca5826fb88e95f8a54cce2b6f
                        )

                )

            [Body] => {\"id\":11927,\"parent_id\":0,\"status\":\"pending\",\"currency\":\"RUB\",\"version\":\"8.3.0\",\"prices_include_tax\":false,\"date_created\":\"2024-04-22T15:24:33\",\"date_modified\":\"2024-04-22T15:24:47\",\"discount_total\":\"0\",\"discount_tax\":\"0\",\"shipping_total\":\"0\",\"shipping_tax\":\"0\",\"cart_tax\":\"0\",\"total\":\"2000\",\"total_tax\":\"0\",\"customer_id\":0,\"order_key\":\"wc_order_bhhROrxi958c5\",\"billing\":{\"first_name\":\"\",\"last_name\":\"\",\"company\":\"\",\"address_1\":\"\",\"address_2\":\"\",\"city\":\"\",\"state\":\"\",\"postcode\":\"\",\"country\":\"\",\"email\":\"\",\"phone\":\"\"},\"shipping\":{\"first_name\":\"\",\"last_name\":\"\",\"company\":\"\",\"address_1\":\"\",\"address_2\":\"\",\"city\":\"\",\"state\":\"\",\"postcode\":\"\",\"country\":\"\",\"phone\":\"\"},\"payment_method\":\"\",\"payment_method_title\":\"\",\"transaction_id\":\"\",\"customer_ip_address\":\"\",\"customer_user_agent\":\"\",\"created_via\":\"admin\",\"customer_note\":\"\",\"date_completed\":null,\"date_paid\":null,\"cart_hash\":\"\",\"number\":\"11927\",\"meta_data\":[],\"line_items\":[{\"id\":61,\"name\":\"SPA-DAY LIGHT EDGE\",\"product_id\":11806,\"variation_id\":0,\"quantity\":1,\"tax_class\":\"\",\"subtotal\":\"2000\",\"subtotal_tax\":\"0\",\"total\":\"2000\",\"total_tax\":\"0\",\"taxes\":[],\"meta_data\":[],\"sku\":\"\",\"price\":2000,\"image\":{\"id\":\"11811\",\"src\":\"http:\\/\\/nfs-wp.loc\\/wp-content\\/uploads\\/2023\\/10\\/file_5hw7p.jpg\"},\"parent_name\":null}],\"tax_lines\":[],\"shipping_lines\":[],\"fee_lines\":[],\"coupon_lines\":[],\"refunds\":[],\"payment_url\":\"http:\\/\\/nfs-wp.loc\\/checkout-2\\/order-pay\\/11927\\/?pay_for_order=true&key=wc_order_bhhROrxi958c5\",\"is_editable\":true,\"needs_payment\":true,\"needs_processing\":true,\"date_created_gmt\":\"2024-04-22T08:24:33\",\"date_modified_gmt\":\"2024-04-22T08:24:47\",\"date_completed_gmt\":null,\"date_paid_gmt\":null,\"currency_symbol\":\"\\u20bd\",\"_links\":{\"self\":[{\"href\":\"http:\\/\\/nfs-wp.loc\\/wp-json\\/wc\\/v3\\/orders\\/11927\"}],\"collection\":[{\"href\":\"http:\\/\\/nfs-wp.loc\\/wp-json\\/wc\\/v3\\/orders\"}]}}
            [Response] => Array
                (
                    [Code] => 200
                    [Message] => OK
                    [Headers] => WpOrg\Requests\Utility\CaseInsensitiveDictionary Object
                        (
                            [data:protected] => Array
                                (
                                    [server] => Werkzeug/3.0.2 Python/3.10.12
                                    [date] => Mon, 22 Apr 2024 08:25:30 GMT
                                    [content-type] => text/html; charset=utf-8
                                    [content-length] => 0
                                )

                        )

                    [Body] => 
                )

        )

)

2024-04-22T11:15:18+00:00 INFO Array
(
    [Webhook Delivery] => Array
        (
            [Delivery ID] => 2a64014cd243093f4456b6fac43fcd13
            [Date] => 22.04.2024 в 11:15
            [URL] => http://92.242.112.164:8030/webhook
            [Duration] => 0.2024
            [Request] => Array
                (
                    [Method] => POST
                    [Headers] => Array
                        (
                            [User-Agent] => WooCommerce/8.3.0 Hookshot (WordPress/6.5)
                            [Content-Type] => application/json
                            [X-WC-Webhook-Source] => http://nfs-wp.loc/
                            [X-WC-Webhook-Topic] => order.created
                            [X-WC-Webhook-Resource] => order
                            [X-WC-Webhook-Event] => created
                            [X-WC-Webhook-Signature] => YaE6qNFwK8mGoLxf/kXDjyqGZQdM7aNGJK/tmljzxlg=
                            [X-WC-Webhook-ID] => 1
                            [X-WC-Webhook-Delivery-ID] => 2a64014cd243093f4456b6fac43fcd13
                        )

                )

            [Body] => {\"id\":11928,\"parent_id\":0,\"status\":\"pending\",\"currency\":\"RUB\",\"version\":\"8.3.0\",\"prices_include_tax\":false,\"date_created\":\"2024-04-22T18:14:48\",\"date_modified\":\"2024-04-22T18:15:08\",\"discount_total\":\"0\",\"discount_tax\":\"0\",\"shipping_total\":\"0\",\"shipping_tax\":\"0\",\"cart_tax\":\"0\",\"total\":\"2000\",\"total_tax\":\"0\",\"customer_id\":0,\"order_key\":\"wc_order_2whZUIuYbXOf0\",\"billing\":{\"first_name\":\"\",\"last_name\":\"\",\"company\":\"\",\"address_1\":\"\",\"address_2\":\"\",\"city\":\"\",\"state\":\"\",\"postcode\":\"\",\"country\":\"\",\"email\":\"\",\"phone\":\"\"},\"shipping\":{\"first_name\":\"\",\"last_name\":\"\",\"company\":\"\",\"address_1\":\"\",\"address_2\":\"\",\"city\":\"\",\"state\":\"\",\"postcode\":\"\",\"country\":\"\",\"phone\":\"\"},\"payment_method\":\"\",\"payment_method_title\":\"\",\"transaction_id\":\"\",\"customer_ip_address\":\"\",\"customer_user_agent\":\"\",\"created_via\":\"admin\",\"customer_note\":\"\",\"date_completed\":null,\"date_paid\":null,\"cart_hash\":\"\",\"number\":\"11928\",\"meta_data\":[],\"line_items\":[{\"id\":62,\"name\":\"\\u041d\\u0435\\u0439\\u0440\\u043e\\u0441\\u0435\\u0434\\u0430\\u0442\\u0438\\u0432\\u043d\\u044b\\u0439 \\u043c\\u0430\\u0441\\u0441\\u0430\\u0436 \\u043b\\u0438\\u0446\\u0430\",\"product_id\":11819,\"variation_id\":0,\"quantity\":1,\"tax_class\":\"\",\"subtotal\":\"2000\",\"subtotal_tax\":\"0\",\"total\":\"2000\",\"total_tax\":\"0\",\"taxes\":[],\"meta_data\":[],\"sku\":\"\",\"price\":2000,\"image\":{\"id\":\"11820\",\"src\":\"http:\\/\\/nfs-wp.loc\\/wp-content\\/uploads\\/2023\\/10\\/3_CLUBNIK___.jpg\"},\"parent_name\":null}],\"tax_lines\":[],\"shipping_lines\":[],\"fee_lines\":[],\"coupon_lines\":[],\"refunds\":[],\"payment_url\":\"http:\\/\\/nfs-wp.loc\\/checkout-2\\/order-pay\\/11928\\/?pay_for_order=true&key=wc_order_2whZUIuYbXOf0\",\"is_editable\":true,\"needs_payment\":true,\"needs_processing\":true,\"date_created_gmt\":\"2024-04-22T11:14:48\",\"date_modified_gmt\":\"2024-04-22T11:15:08\",\"date_completed_gmt\":null,\"date_paid_gmt\":null,\"currency_symbol\":\"\\u20bd\",\"_links\":{\"self\":[{\"href\":\"http:\\/\\/nfs-wp.loc\\/wp-json\\/wc\\/v3\\/orders\\/11928\"}],\"collection\":[{\"href\":\"http:\\/\\/nfs-wp.loc\\/wp-json\\/wc\\/v3\\/orders\"}]}}
            [Response] => Array
                (
                    [Code] => 200
                    [Message] => OK
                    [Headers] => WpOrg\Requests\Utility\CaseInsensitiveDictionary Object
                        (
                            [data:protected] => Array
                                (
                                    [server] => Werkzeug/3.0.2 Python/3.10.12
                                    [date] => Mon, 22 Apr 2024 11:15:19 GMT
                                    [content-type] => text/html; charset=utf-8
                                    [content-length] => 0
                                )

                        )

                    [Body] => 
                )

        )

)

2024-04-22T11:16:35+00:00 INFO Array
(
    [Webhook Delivery] => Array
        (
            [Delivery ID] => 6a51c7742cfc5cb927e9cd8d1f62bef7
            [Date] => 22.04.2024 в 11:16
            [URL] => http://92.242.112.164:8030/webhook
            [Duration] => 0.14057
            [Request] => Array
                (
                    [Method] => POST
                    [Headers] => Array
                        (
                            [User-Agent] => WooCommerce/8.3.0 Hookshot (WordPress/6.5)
                            [Content-Type] => application/json
                            [X-WC-Webhook-Source] => http://nfs-wp.loc/
                            [X-WC-Webhook-Topic] => order.created
                            [X-WC-Webhook-Resource] => order
                            [X-WC-Webhook-Event] => created
                            [X-WC-Webhook-Signature] => HHC5bgdW9ZAFRMkkkrAQMLATCVthB7vbgU+SvChME7Y=
                            [X-WC-Webhook-ID] => 1
                            [X-WC-Webhook-Delivery-ID] => 6a51c7742cfc5cb927e9cd8d1f62bef7
                        )

                )

            [Body] => {\"id\":11929,\"parent_id\":0,\"status\":\"pending\",\"currency\":\"RUB\",\"version\":\"8.3.0\",\"prices_include_tax\":false,\"date_created\":\"2024-04-22T18:15:18\",\"date_modified\":\"2024-04-22T18:15:31\",\"discount_total\":\"0\",\"discount_tax\":\"0\",\"shipping_total\":\"0\",\"shipping_tax\":\"0\",\"cart_tax\":\"0\",\"total\":\"2000\",\"total_tax\":\"0\",\"customer_id\":0,\"order_key\":\"wc_order_Kq2Db2sz3GxSf\",\"billing\":{\"first_name\":\"\",\"last_name\":\"\",\"company\":\"\",\"address_1\":\"\",\"address_2\":\"\",\"city\":\"\",\"state\":\"\",\"postcode\":\"\",\"country\":\"\",\"email\":\"\",\"phone\":\"\"},\"shipping\":{\"first_name\":\"\",\"last_name\":\"\",\"company\":\"\",\"address_1\":\"\",\"address_2\":\"\",\"city\":\"\",\"state\":\"\",\"postcode\":\"\",\"country\":\"\",\"phone\":\"\"},\"payment_method\":\"\",\"payment_method_title\":\"\",\"transaction_id\":\"\",\"customer_ip_address\":\"\",\"customer_user_agent\":\"\",\"created_via\":\"admin\",\"customer_note\":\"\",\"date_completed\":null,\"date_paid\":null,\"cart_hash\":\"\",\"number\":\"11929\",\"meta_data\":[],\"line_items\":[{\"id\":63,\"name\":\"\\u0410\\u0431\\u043e\\u043d\\u0435\\u043c\\u0435\\u043d\\u0442 \\u0432 \\u0444\\u0438\\u0442\\u043d\\u0435\\u0441-\\u043a\\u043b\\u0443\\u0431 \\u0415\\u0432\\u0440\\u043e\\u043f\\u0430\",\"product_id\":11865,\"variation_id\":0,\"quantity\":1,\"tax_class\":\"\",\"subtotal\":\"2000\",\"subtotal_tax\":\"0\",\"total\":\"2000\",\"total_tax\":\"0\",\"taxes\":[],\"meta_data\":[],\"sku\":\"\",\"price\":2000,\"image\":{\"id\":\"11872\",\"src\":\"http:\\/\\/nfs-wp.loc\\/wp-content\\/uploads\\/2023\\/11\\/common-3910.jpeg\"},\"parent_name\":null}],\"tax_lines\":[],\"shipping_lines\":[],\"fee_lines\":[],\"coupon_lines\":[],\"refunds\":[],\"payment_url\":\"http:\\/\\/nfs-wp.loc\\/checkout-2\\/order-pay\\/11929\\/?pay_for_order=true&key=wc_order_Kq2Db2sz3GxSf\",\"is_editable\":true,\"needs_payment\":true,\"needs_processing\":true,\"date_created_gmt\":\"2024-04-22T11:15:18\",\"date_modified_gmt\":\"2024-04-22T11:15:31\",\"date_completed_gmt\":null,\"date_paid_gmt\":null,\"currency_symbol\":\"\\u20bd\",\"_links\":{\"self\":[{\"href\":\"http:\\/\\/nfs-wp.loc\\/wp-json\\/wc\\/v3\\/orders\\/11929\"}],\"collection\":[{\"href\":\"http:\\/\\/nfs-wp.loc\\/wp-json\\/wc\\/v3\\/orders\"}]}}
            [Response] => Array
                (
                    [Code] => 200
                    [Message] => OK
                    [Headers] => WpOrg\Requests\Utility\CaseInsensitiveDictionary Object
                        (
                            [data:protected] => Array
                                (
                                    [server] => Werkzeug/3.0.2 Python/3.10.12
                                    [date] => Mon, 22 Apr 2024 11:16:36 GMT
                                    [content-type] => text/html; charset=utf-8
                                    [content-length] => 0
                                )

                        )

                    [Body] => 
                )

        )

)

