2024-05-22T06:19:19+00:00 INFO Array
(
    [Webhook Delivery] => Array
        (
            [Delivery ID] => 9e35b848104d65c97219a40cc18bc6a3
            [Date] => 22.05.2024 в 06:19
            [URL] => https://api.nfsmir.ru/api/catalog/wp-update
            [Duration] => 0.39376
            [Request] => Array
                (
                    [Method] => POST
                    [Headers] => Array
                        (
                            [User-Agent] => WooCommerce/8.3.0 Hookshot (WordPress/6.5)
                            [Content-Type] => application/json
                            [X-WC-Webhook-Source] => https://wp.nfsmir.ru/
                            [X-WC-Webhook-Topic] => order.updated
                            [X-WC-Webhook-Resource] => order
                            [X-WC-Webhook-Event] => updated
                            [X-WC-Webhook-Signature] => As893LkDgIoqyuNxX0kH/Vgs1vyKLZ0iXNoSHpe7r3Y=
                            [X-WC-Webhook-ID] => 2
                            [X-WC-Webhook-Delivery-ID] => 9e35b848104d65c97219a40cc18bc6a3
                        )

                )

            [Body] => Webhook body is not logged unless WP_DEBUG mode is turned on. This is to avoid the storing of personal data in the logs.
            [Response] => Array
                (
                    [Code] => 500
                    [Message] => Internal Server Error
                    [Headers] => WpOrg\Requests\Utility\CaseInsensitiveDictionary Object
                        (
                            [data:protected] => Array
                                (
                                    [server] => nginx/1.25.5
                                    [content-type] => text/html; charset=UTF-8
                                    [x-powered-by] => PHP/8.1.19
                                    [x-debug-exception] => Warning%3A%20Undefined%20array%20key%20%22id%22
                                    [x-debug-exception-file] => %2Fvar%2Fwww%2FNFS%2Fnfs_back%2Fsrc%2FController%2FOrder%2FWpUpdateController.php:51
                                    [vary] => Accept
                                    [cache-control] => no-cache, private
                                    [date] => Wed, 22 May 2024 06:19:18 GMT
                                    [x-debug-token] => d68a58
                                    [x-debug-token-link] => https://api.nfsmir.ru/_profiler/d68a58
                                    [x-robots-tag] => noindex
                                    [x-previous-debug-token] => 11ee89
                                )

                        )

                    [Body] => Webhook body is not logged unless WP_DEBUG mode is turned on. This is to avoid the storing of personal data in the logs.
                )

        )

)

2024-05-22T07:59:05+00:00 INFO Array
(
    [Webhook Delivery] => Array
        (
            [Delivery ID] => 1001fd2b1737e9330d06f233073c32ad
            [Date] => 22.05.2024 в 07:59
            [URL] => https://api.nfsmir.ru/api/catalog/wp-order
            [Duration] => 1.56393
            [Request] => Array
                (
                    [Method] => POST
                    [Headers] => Array
                        (
                            [User-Agent] => WooCommerce/8.9.1 Hookshot (WordPress/6.5)
                            [Content-Type] => application/json
                            [X-WC-Webhook-Source] => https://wp.nfsmir.ru/
                            [X-WC-Webhook-Topic] => order.created
                            [X-WC-Webhook-Resource] => order
                            [X-WC-Webhook-Event] => created
                            [X-WC-Webhook-Signature] => SDCnakyyRSifEV4dsEU1huUAFyqCKP7g99HvxwwZFHc=
                            [X-WC-Webhook-ID] => 1
                            [X-WC-Webhook-Delivery-ID] => 1001fd2b1737e9330d06f233073c32ad
                        )

                )

            [Body] => Webhook body is not logged unless WP_DEBUG mode is turned on. This is to avoid the storing of personal data in the logs.
            [Response] => Array
                (
                    [Code] => 400
                    [Message] => Bad Request
                    [Headers] => WpOrg\Requests\Utility\CaseInsensitiveDictionary Object
                        (
                            [data:protected] => Array
                                (
                                    [server] => nginx/1.25.5
                                    [content-type] => application/json
                                    [x-powered-by] => PHP/8.1.19
                                    [cache-control] => no-cache, private
                                    [date] => Wed, 22 May 2024 07:59:04 GMT
                                    [x-debug-token] => b13a4e
                                    [x-debug-token-link] => https://api.nfsmir.ru/_profiler/b13a4e
                                    [x-robots-tag] => noindex
                                )

                        )

                    [Body] => Webhook body is not logged unless WP_DEBUG mode is turned on. This is to avoid the storing of personal data in the logs.
                )

        )

)
2024-05-22T07:59:07+00:00 INFO Array
(
    [Webhook Delivery] => Array
        (
            [Delivery ID] => 201e564c7d5f59b32414dc9c8fd4e0d4
            [Date] => 22.05.2024 в 07:59
            [URL] => https://api.nfsmir.ru/api/catalog/wp-update
            [Duration] => 1.88032
            [Request] => Array
                (
                    [Method] => POST
                    [Headers] => Array
                        (
                            [User-Agent] => WooCommerce/8.9.1 Hookshot (WordPress/6.5)
                            [Content-Type] => application/json
                            [X-WC-Webhook-Source] => https://wp.nfsmir.ru/
                            [X-WC-Webhook-Topic] => order.updated
                            [X-WC-Webhook-Resource] => order
                            [X-WC-Webhook-Event] => updated
                            [X-WC-Webhook-Signature] => SkLzPwxS3LYgQL36H6ZpExdL3TFvsIrwpMrh7A6FpGk=
                            [X-WC-Webhook-ID] => 2
                            [X-WC-Webhook-Delivery-ID] => 201e564c7d5f59b32414dc9c8fd4e0d4
                        )

                )

            [Body] => Webhook body is not logged unless WP_DEBUG mode is turned on. This is to avoid the storing of personal data in the logs.
            [Response] => Array
                (
                    [Code] => 200
                    [Message] => OK
                    [Headers] => WpOrg\Requests\Utility\CaseInsensitiveDictionary Object
                        (
                            [data:protected] => Array
                                (
                                    [server] => nginx/1.25.5
                                    [content-type] => application/json
                                    [x-powered-by] => PHP/8.1.19
                                    [cache-control] => no-cache, private
                                    [date] => Wed, 22 May 2024 07:59:06 GMT
                                    [x-debug-token] => a96d26
                                    [x-debug-token-link] => https://api.nfsmir.ru/_profiler/a96d26
                                    [x-robots-tag] => noindex
                                    [strict-transport-security] => max-age=31536000;
                                )

                        )

                    [Body] => Webhook body is not logged unless WP_DEBUG mode is turned on. This is to avoid the storing of personal data in the logs.
                )

        )

)
2024-05-22T08:03:07+00:00 INFO Array
(
    [Webhook Delivery] => Array
        (
            [Delivery ID] => 5c01cd31b22d81e65ed87756a61a6dde
            [Date] => 22.05.2024 в 08:03
            [URL] => https://api.nfsmir.ru/api/catalog/wp-update
            [Duration] => 1.62599
            [Request] => Array
                (
                    [Method] => POST
                    [Headers] => Array
                        (
                            [User-Agent] => WooCommerce/8.9.1 Hookshot (WordPress/6.5)
                            [Content-Type] => application/json
                            [X-WC-Webhook-Source] => https://wp.nfsmir.ru/
                            [X-WC-Webhook-Topic] => order.updated
                            [X-WC-Webhook-Resource] => order
                            [X-WC-Webhook-Event] => updated
                            [X-WC-Webhook-Signature] => aS7iVDiwj4U/43/8InjPcrpZ4OseynstGTiiBUkWi7g=
                            [X-WC-Webhook-ID] => 2
                            [X-WC-Webhook-Delivery-ID] => 5c01cd31b22d81e65ed87756a61a6dde
                        )

                )

            [Body] => Webhook body is not logged unless WP_DEBUG mode is turned on. This is to avoid the storing of personal data in the logs.
            [Response] => Array
                (
                    [Code] => 200
                    [Message] => OK
                    [Headers] => WpOrg\Requests\Utility\CaseInsensitiveDictionary Object
                        (
                            [data:protected] => Array
                                (
                                    [server] => nginx/1.25.5
                                    [content-type] => application/json
                                    [x-powered-by] => PHP/8.1.19
                                    [cache-control] => no-cache, private
                                    [date] => Wed, 22 May 2024 08:03:05 GMT
                                    [x-debug-token] => 1f8a92
                                    [x-debug-token-link] => https://api.nfsmir.ru/_profiler/1f8a92
                                    [x-robots-tag] => noindex
                                    [strict-transport-security] => max-age=31536000;
                                )

                        )

                    [Body] => Webhook body is not logged unless WP_DEBUG mode is turned on. This is to avoid the storing of personal data in the logs.
                )

        )

)
2024-05-22T08:04:06+00:00 INFO Array
(
    [Webhook Delivery] => Array
        (
            [Delivery ID] => cf9def2b8a518f80c144eb8b0f9688b2
            [Date] => 22.05.2024 в 08:04
            [URL] => https://api.nfsmir.ru/api/catalog/wp-update
            [Duration] => 2.54399
            [Request] => Array
                (
                    [Method] => POST
                    [Headers] => Array
                        (
                            [User-Agent] => WooCommerce/8.9.1 Hookshot (WordPress/6.5)
                            [Content-Type] => application/json
                            [X-WC-Webhook-Source] => https://wp.nfsmir.ru/
                            [X-WC-Webhook-Topic] => order.updated
                            [X-WC-Webhook-Resource] => order
                            [X-WC-Webhook-Event] => updated
                            [X-WC-Webhook-Signature] => wguE85tpArPPG6G/oc9vW3Jzwz/ApqITX6jKN3vRvE4=
                            [X-WC-Webhook-ID] => 2
                            [X-WC-Webhook-Delivery-ID] => cf9def2b8a518f80c144eb8b0f9688b2
                        )

                )

            [Body] => Webhook body is not logged unless WP_DEBUG mode is turned on. This is to avoid the storing of personal data in the logs.
            [Response] => Array
                (
                    [Code] => 200
                    [Message] => OK
                    [Headers] => WpOrg\Requests\Utility\CaseInsensitiveDictionary Object
                        (
                            [data:protected] => Array
                                (
                                    [server] => nginx/1.25.5
                                    [content-type] => application/json
                                    [x-powered-by] => PHP/8.1.19
                                    [cache-control] => no-cache, private
                                    [date] => Wed, 22 May 2024 08:04:05 GMT
                                    [x-debug-token] => 8fff35
                                    [x-debug-token-link] => https://api.nfsmir.ru/_profiler/8fff35
                                    [x-robots-tag] => noindex
                                    [strict-transport-security] => max-age=31536000;
                                )

                        )

                    [Body] => Webhook body is not logged unless WP_DEBUG mode is turned on. This is to avoid the storing of personal data in the logs.
                )

        )

)
2024-05-22T08:05:06+00:00 INFO Array
(
    [Webhook Delivery] => Array
        (
            [Delivery ID] => 2ef0c2ba3e5c7585af7811f1bb028846
            [Date] => 22.05.2024 в 08:05
            [URL] => https://api.nfsmir.ru/api/catalog/wp-update
            [Duration] => 1.37385
            [Request] => Array
                (
                    [Method] => POST
                    [Headers] => Array
                        (
                            [User-Agent] => WooCommerce/8.9.1 Hookshot (WordPress/6.5)
                            [Content-Type] => application/json
                            [X-WC-Webhook-Source] => https://wp.nfsmir.ru/
                            [X-WC-Webhook-Topic] => order.updated
                            [X-WC-Webhook-Resource] => order
                            [X-WC-Webhook-Event] => updated
                            [X-WC-Webhook-Signature] => TS/H5OD/ugNpuoL20HwdXY3RTuipktolCR3efSj+8c8=
                            [X-WC-Webhook-ID] => 2
                            [X-WC-Webhook-Delivery-ID] => 2ef0c2ba3e5c7585af7811f1bb028846
                        )

                )

            [Body] => Webhook body is not logged unless WP_DEBUG mode is turned on. This is to avoid the storing of personal data in the logs.
            [Response] => Array
                (
                    [Code] => 200
                    [Message] => OK
                    [Headers] => WpOrg\Requests\Utility\CaseInsensitiveDictionary Object
                        (
                            [data:protected] => Array
                                (
                                    [server] => nginx/1.25.5
                                    [content-type] => application/json
                                    [x-powered-by] => PHP/8.1.19
                                    [cache-control] => no-cache, private
                                    [date] => Wed, 22 May 2024 08:05:05 GMT
                                    [x-debug-token] => f57e4a
                                    [x-debug-token-link] => https://api.nfsmir.ru/_profiler/f57e4a
                                    [x-robots-tag] => noindex
                                    [strict-transport-security] => max-age=31536000;
                                )

                        )

                    [Body] => Webhook body is not logged unless WP_DEBUG mode is turned on. This is to avoid the storing of personal data in the logs.
                )

        )

)
2024-05-22T08:05:13+00:00 INFO Array
(
    [Webhook Delivery] => Array
        (
            [Delivery ID] => fc59088547b4f768ceb16dd3e41d020a
            [Date] => 22.05.2024 в 08:05
            [URL] => https://api.nfsmir.ru/api/catalog/wp-update
            [Duration] => 2.42018
            [Request] => Array
                (
                    [Method] => POST
                    [Headers] => Array
                        (
                            [User-Agent] => WooCommerce/8.9.1 Hookshot (WordPress/6.5)
                            [Content-Type] => application/json
                            [X-WC-Webhook-Source] => https://wp.nfsmir.ru/
                            [X-WC-Webhook-Topic] => order.updated
                            [X-WC-Webhook-Resource] => order
                            [X-WC-Webhook-Event] => updated
                            [X-WC-Webhook-Signature] => MiDBC3NctPABahKtsf74HWjB+0ZyQODer56Gj2icHZY=
                            [X-WC-Webhook-ID] => 2
                            [X-WC-Webhook-Delivery-ID] => fc59088547b4f768ceb16dd3e41d020a
                        )

                )

            [Body] => Webhook body is not logged unless WP_DEBUG mode is turned on. This is to avoid the storing of personal data in the logs.
            [Response] => Array
                (
                    [Code] => 200
                    [Message] => OK
                    [Headers] => WpOrg\Requests\Utility\CaseInsensitiveDictionary Object
                        (
                            [data:protected] => Array
                                (
                                    [server] => nginx/1.25.5
                                    [content-type] => application/json
                                    [x-powered-by] => PHP/8.1.19
                                    [cache-control] => no-cache, private
                                    [date] => Wed, 22 May 2024 08:05:11 GMT
                                    [x-debug-token] => 75c468
                                    [x-debug-token-link] => https://api.nfsmir.ru/_profiler/75c468
                                    [x-robots-tag] => noindex
                                    [strict-transport-security] => max-age=31536000;
                                )

                        )

                    [Body] => Webhook body is not logged unless WP_DEBUG mode is turned on. This is to avoid the storing of personal data in the logs.
                )

        )

)
2024-05-22T08:08:27+00:00 INFO Array
(
    [Webhook Delivery] => Array
        (
            [Delivery ID] => b355cd35016d1f7f03b32cc14231a6e6
            [Date] => 22.05.2024 в 08:08
            [URL] => https://api.nfsmir.ru/api/catalog/wp-update
            [Duration] => 1.33569
            [Request] => Array
                (
                    [Method] => POST
                    [Headers] => Array
                        (
                            [User-Agent] => WooCommerce/8.9.1 Hookshot (WordPress/6.5)
                            [Content-Type] => application/json
                            [X-WC-Webhook-Source] => https://wp.nfsmir.ru/
                            [X-WC-Webhook-Topic] => order.updated
                            [X-WC-Webhook-Resource] => order
                            [X-WC-Webhook-Event] => updated
                            [X-WC-Webhook-Signature] => Pn2Whwy9bv8bJN8klAAeMwwxm23TP7boaKn2vKAd9yw=
                            [X-WC-Webhook-ID] => 2
                            [X-WC-Webhook-Delivery-ID] => b355cd35016d1f7f03b32cc14231a6e6
                        )

                )

            [Body] => Webhook body is not logged unless WP_DEBUG mode is turned on. This is to avoid the storing of personal data in the logs.
            [Response] => Array
                (
                    [Code] => 200
                    [Message] => OK
                    [Headers] => WpOrg\Requests\Utility\CaseInsensitiveDictionary Object
                        (
                            [data:protected] => Array
                                (
                                    [server] => nginx/1.25.5
                                    [content-type] => application/json
                                    [x-powered-by] => PHP/8.1.19
                                    [cache-control] => no-cache, private
                                    [date] => Wed, 22 May 2024 08:08:26 GMT
                                    [x-debug-token] => f5d19e
                                    [x-debug-token-link] => https://api.nfsmir.ru/_profiler/f5d19e
                                    [x-robots-tag] => noindex
                                    [strict-transport-security] => max-age=31536000;
                                )

                        )

                    [Body] => Webhook body is not logged unless WP_DEBUG mode is turned on. This is to avoid the storing of personal data in the logs.
                )

        )

)
2024-05-22T08:09:03+00:00 INFO Array
(
    [Webhook Delivery] => Array
        (
            [Delivery ID] => 1223016b485ab1cb252a6fa90771a030
            [Date] => 22.05.2024 в 08:09
            [URL] => https://api.nfsmir.ru/api/catalog/wp-update
            [Duration] => 1.36266
            [Request] => Array
                (
                    [Method] => POST
                    [Headers] => Array
                        (
                            [User-Agent] => WooCommerce/8.9.1 Hookshot (WordPress/6.5)
                            [Content-Type] => application/json
                            [X-WC-Webhook-Source] => https://wp.nfsmir.ru/
                            [X-WC-Webhook-Topic] => order.updated
                            [X-WC-Webhook-Resource] => order
                            [X-WC-Webhook-Event] => updated
                            [X-WC-Webhook-Signature] => XQ3o8i7Alt/taeVTpumERAY967MQpKVfldfiCL0i+ZQ=
                            [X-WC-Webhook-ID] => 2
                            [X-WC-Webhook-Delivery-ID] => 1223016b485ab1cb252a6fa90771a030
                        )

                )

            [Body] => Webhook body is not logged unless WP_DEBUG mode is turned on. This is to avoid the storing of personal data in the logs.
            [Response] => Array
                (
                    [Code] => 200
                    [Message] => OK
                    [Headers] => WpOrg\Requests\Utility\CaseInsensitiveDictionary Object
                        (
                            [data:protected] => Array
                                (
                                    [server] => nginx/1.25.5
                                    [content-type] => application/json
                                    [x-powered-by] => PHP/8.1.19
                                    [cache-control] => no-cache, private
                                    [date] => Wed, 22 May 2024 08:09:02 GMT
                                    [x-debug-token] => 6b94aa
                                    [x-debug-token-link] => https://api.nfsmir.ru/_profiler/6b94aa
                                    [x-robots-tag] => noindex
                                    [strict-transport-security] => max-age=31536000;
                                )

                        )

                    [Body] => Webhook body is not logged unless WP_DEBUG mode is turned on. This is to avoid the storing of personal data in the logs.
                )

        )

)
2024-05-22T08:33:48+00:00 INFO Array
(
    [Webhook Delivery] => Array
        (
            [Delivery ID] => 2d12ef7fe111cd0392fec1ec0071c620
            [Date] => 22.05.2024 в 08:33
            [URL] => https://api.nfsmir.ru/api/catalog/wp-order
            [Duration] => 1.61138
            [Request] => Array
                (
                    [Method] => POST
                    [Headers] => Array
                        (
                            [User-Agent] => WooCommerce/8.9.1 Hookshot (WordPress/6.5)
                            [Content-Type] => application/json
                            [X-WC-Webhook-Source] => https://wp.nfsmir.ru/
                            [X-WC-Webhook-Topic] => order.created
                            [X-WC-Webhook-Resource] => order
                            [X-WC-Webhook-Event] => created
                            [X-WC-Webhook-Signature] => qgAow9wqJfZJYgT6dkDpomUv5UW71dlOnUDyDyuPJc0=
                            [X-WC-Webhook-ID] => 1
                            [X-WC-Webhook-Delivery-ID] => 2d12ef7fe111cd0392fec1ec0071c620
                        )

                )

            [Body] => Webhook body is not logged unless WP_DEBUG mode is turned on. This is to avoid the storing of personal data in the logs.
            [Response] => Array
                (
                    [Code] => 200
                    [Message] => OK
                    [Headers] => WpOrg\Requests\Utility\CaseInsensitiveDictionary Object
                        (
                            [data:protected] => Array
                                (
                                    [server] => nginx/1.25.5
                                    [content-type] => application/json
                                    [x-powered-by] => PHP/8.1.19
                                    [cache-control] => no-cache, private
                                    [date] => Wed, 22 May 2024 08:33:47 GMT
                                    [x-debug-token] => e9be8f
                                    [x-debug-token-link] => https://api.nfsmir.ru/_profiler/e9be8f
                                    [x-robots-tag] => noindex
                                    [strict-transport-security] => max-age=31536000;
                                )

                        )

                    [Body] => Webhook body is not logged unless WP_DEBUG mode is turned on. This is to avoid the storing of personal data in the logs.
                )

        )

)
2024-05-22T08:33:50+00:00 INFO Array
(
    [Webhook Delivery] => Array
        (
            [Delivery ID] => faf2533fdb56ede8e88ab4e0677cec26
            [Date] => 22.05.2024 в 08:33
            [URL] => https://api.nfsmir.ru/api/catalog/wp-update
            [Duration] => 1.21933
            [Request] => Array
                (
                    [Method] => POST
                    [Headers] => Array
                        (
                            [User-Agent] => WooCommerce/8.9.1 Hookshot (WordPress/6.5)
                            [Content-Type] => application/json
                            [X-WC-Webhook-Source] => https://wp.nfsmir.ru/
                            [X-WC-Webhook-Topic] => order.updated
                            [X-WC-Webhook-Resource] => order
                            [X-WC-Webhook-Event] => updated
                            [X-WC-Webhook-Signature] => biQmDDUPqkQDoV1+G1RkQ28eXqsHD6SoNUoJSWkA8JQ=
                            [X-WC-Webhook-ID] => 2
                            [X-WC-Webhook-Delivery-ID] => faf2533fdb56ede8e88ab4e0677cec26
                        )

                )

            [Body] => Webhook body is not logged unless WP_DEBUG mode is turned on. This is to avoid the storing of personal data in the logs.
            [Response] => Array
                (
                    [Code] => 200
                    [Message] => OK
                    [Headers] => WpOrg\Requests\Utility\CaseInsensitiveDictionary Object
                        (
                            [data:protected] => Array
                                (
                                    [server] => nginx/1.25.5
                                    [content-type] => application/json
                                    [x-powered-by] => PHP/8.1.19
                                    [cache-control] => no-cache, private
                                    [date] => Wed, 22 May 2024 08:33:49 GMT
                                    [x-debug-token] => f132e0
                                    [x-debug-token-link] => https://api.nfsmir.ru/_profiler/f132e0
                                    [x-robots-tag] => noindex
                                    [strict-transport-security] => max-age=31536000;
                                )

                        )

                    [Body] => Webhook body is not logged unless WP_DEBUG mode is turned on. This is to avoid the storing of personal data in the logs.
                )

        )

)
