2024-05-24T03:52:06+00:00 INFO Array
(
    [Webhook Delivery] => Array
        (
            [Delivery ID] => 00ec6366b1c1fd37b0a7a1273f78416d
            [Date] => 24.05.2024 в 03:52
            [URL] => https://api.nfsmir.ru/api/catalog/wp-order
            [Duration] => 2.34619
            [Request] => Array
                (
                    [Method] => POST
                    [Headers] => Array
                        (
                            [User-Agent] => WooCommerce/8.9.1 Hookshot (WordPress/6.5)
                            [Content-Type] => application/json
                            [X-WC-Webhook-Source] => https://wp.nfsmir.ru/
                            [X-WC-Webhook-Topic] => order.created
                            [X-WC-Webhook-Resource] => order
                            [X-WC-Webhook-Event] => created
                            [X-WC-Webhook-Signature] => rzQiu5Jt5wBG4GUGm6siEqMDvf5QigPD9JiUvUV3lf8=
                            [X-WC-Webhook-ID] => 1
                            [X-WC-Webhook-Delivery-ID] => 00ec6366b1c1fd37b0a7a1273f78416d
                        )

                )

            [Body] => Webhook body is not logged unless WP_DEBUG mode is turned on. This is to avoid the storing of personal data in the logs.
            [Response] => Array
                (
                    [Code] => 200
                    [Message] => OK
                    [Headers] => WpOrg\Requests\Utility\CaseInsensitiveDictionary Object
                        (
                            [data:protected] => Array
                                (
                                    [server] => nginx/1.25.5
                                    [content-type] => application/json
                                    [x-powered-by] => PHP/8.1.19
                                    [cache-control] => no-cache, private
                                    [date] => Fri, 24 May 2024 03:52:04 GMT
                                    [x-debug-token] => 26e919
                                    [x-debug-token-link] => https://api.nfsmir.ru/_profiler/26e919
                                    [x-robots-tag] => noindex
                                    [strict-transport-security] => max-age=31536000;
                                )

                        )

                    [Body] => Webhook body is not logged unless WP_DEBUG mode is turned on. This is to avoid the storing of personal data in the logs.
                )

        )

)
2024-05-24T03:52:07+00:00 INFO Array
(
    [Webhook Delivery] => Array
        (
            [Delivery ID] => d7c71b76f466d702d036fe57c8caa333
            [Date] => 24.05.2024 в 03:52
            [URL] => https://api.nfsmir.ru/api/catalog/wp-update
            [Duration] => 1.16314
            [Request] => Array
                (
                    [Method] => POST
                    [Headers] => Array
                        (
                            [User-Agent] => WooCommerce/8.9.1 Hookshot (WordPress/6.5)
                            [Content-Type] => application/json
                            [X-WC-Webhook-Source] => https://wp.nfsmir.ru/
                            [X-WC-Webhook-Topic] => order.updated
                            [X-WC-Webhook-Resource] => order
                            [X-WC-Webhook-Event] => updated
                            [X-WC-Webhook-Signature] => 8SbfHO5jryFPpMXtl0AyH/RUso4WzareHC/Q2pLxsfM=
                            [X-WC-Webhook-ID] => 2
                            [X-WC-Webhook-Delivery-ID] => d7c71b76f466d702d036fe57c8caa333
                        )

                )

            [Body] => Webhook body is not logged unless WP_DEBUG mode is turned on. This is to avoid the storing of personal data in the logs.
            [Response] => Array
                (
                    [Code] => 200
                    [Message] => OK
                    [Headers] => WpOrg\Requests\Utility\CaseInsensitiveDictionary Object
                        (
                            [data:protected] => Array
                                (
                                    [server] => nginx/1.25.5
                                    [content-type] => application/json
                                    [x-powered-by] => PHP/8.1.19
                                    [cache-control] => no-cache, private
                                    [date] => Fri, 24 May 2024 03:52:06 GMT
                                    [x-debug-token] => baed6c
                                    [x-debug-token-link] => https://api.nfsmir.ru/_profiler/baed6c
                                    [x-robots-tag] => noindex
                                    [strict-transport-security] => max-age=31536000;
                                )

                        )

                    [Body] => Webhook body is not logged unless WP_DEBUG mode is turned on. This is to avoid the storing of personal data in the logs.
                )

        )

)
2024-05-24T04:01:55+00:00 INFO Array
(
    [Webhook Delivery] => Array
        (
            [Delivery ID] => 3e18ee68a45091e6e6d1ea7b3c5175c7
            [Date] => 24.05.2024 в 03:59
            [URL] => https://api.nfsmir.ru/api/catalog/wp-order
            [Duration] => 309.70286
            [Request] => Array
                (
                    [Method] => POST
                    [Headers] => Array
                        (
                            [User-Agent] => WooCommerce/8.9.1 Hookshot (WordPress/6.5)
                            [Content-Type] => application/json
                            [X-WC-Webhook-Source] => https://wp.nfsmir.ru/
                            [X-WC-Webhook-Topic] => order.created
                            [X-WC-Webhook-Resource] => order
                            [X-WC-Webhook-Event] => created
                            [X-WC-Webhook-Signature] => E2DfIH+DeDqUV5bLwzxZ8tjSpNDriHsaa+U7Ick+YCY=
                            [X-WC-Webhook-ID] => 1
                            [X-WC-Webhook-Delivery-ID] => 3e18ee68a45091e6e6d1ea7b3c5175c7
                        )

                )

            [Body] => Webhook body is not logged unless WP_DEBUG mode is turned on. This is to avoid the storing of personal data in the logs.
            [Response] => Array
                (
                    [Code] => http_request_failed
                    [Message] => cURL error 28: Operation timed out after 60013 milliseconds with 0 bytes received
                    [Headers] => Array
                        (
                        )

                    [Body] => Webhook body is not logged unless WP_DEBUG mode is turned on. This is to avoid the storing of personal data in the logs.
                )

        )

)
2024-05-24T04:09:09+00:00 INFO Array
(
    [Webhook Delivery] => Array
        (
            [Delivery ID] => e7ce784f9116799d4216ce07012242d4
            [Date] => 24.05.2024 в 04:09
            [URL] => https://api.nfsmir.ru/api/catalog/wp-update
            [Duration] => 3.43136
            [Request] => Array
                (
                    [Method] => POST
                    [Headers] => Array
                        (
                            [User-Agent] => WooCommerce/8.9.1 Hookshot (WordPress/6.5)
                            [Content-Type] => application/json
                            [X-WC-Webhook-Source] => https://wp.nfsmir.ru/
                            [X-WC-Webhook-Topic] => order.updated
                            [X-WC-Webhook-Resource] => order
                            [X-WC-Webhook-Event] => updated
                            [X-WC-Webhook-Signature] => huqiRGUx5Hdc5dqnHA780wlmb+x+rr4pX9BLvxo7gHY=
                            [X-WC-Webhook-ID] => 2
                            [X-WC-Webhook-Delivery-ID] => e7ce784f9116799d4216ce07012242d4
                        )

                )

            [Body] => Webhook body is not logged unless WP_DEBUG mode is turned on. This is to avoid the storing of personal data in the logs.
            [Response] => Array
                (
                    [Code] => 200
                    [Message] => OK
                    [Headers] => WpOrg\Requests\Utility\CaseInsensitiveDictionary Object
                        (
                            [data:protected] => Array
                                (
                                    [server] => nginx/1.25.5
                                    [content-type] => application/json
                                    [x-powered-by] => PHP/8.1.19
                                    [cache-control] => no-cache, private
                                    [date] => Fri, 24 May 2024 04:09:07 GMT
                                    [x-debug-token] => 5d9cc1
                                    [x-debug-token-link] => https://api.nfsmir.ru/_profiler/5d9cc1
                                    [x-robots-tag] => noindex
                                    [strict-transport-security] => max-age=31536000;
                                )

                        )

                    [Body] => Webhook body is not logged unless WP_DEBUG mode is turned on. This is to avoid the storing of personal data in the logs.
                )

        )

)
2024-05-24T04:14:07+00:00 INFO Array
(
    [Webhook Delivery] => Array
        (
            [Delivery ID] => 40b3bb60e0069fb332e66cc405c7738b
            [Date] => 24.05.2024 в 04:14
            [URL] => https://api.nfsmir.ru/api/catalog/wp-order
            [Duration] => 1.74966
            [Request] => Array
                (
                    [Method] => POST
                    [Headers] => Array
                        (
                            [User-Agent] => WooCommerce/8.9.1 Hookshot (WordPress/6.5)
                            [Content-Type] => application/json
                            [X-WC-Webhook-Source] => https://wp.nfsmir.ru/
                            [X-WC-Webhook-Topic] => order.created
                            [X-WC-Webhook-Resource] => order
                            [X-WC-Webhook-Event] => created
                            [X-WC-Webhook-Signature] => b7P2a63yXM2YyDDSvfW2q0JCen46YgdCXhbgBlKJgWM=
                            [X-WC-Webhook-ID] => 1
                            [X-WC-Webhook-Delivery-ID] => 40b3bb60e0069fb332e66cc405c7738b
                        )

                )

            [Body] => Webhook body is not logged unless WP_DEBUG mode is turned on. This is to avoid the storing of personal data in the logs.
            [Response] => Array
                (
                    [Code] => 200
                    [Message] => OK
                    [Headers] => WpOrg\Requests\Utility\CaseInsensitiveDictionary Object
                        (
                            [data:protected] => Array
                                (
                                    [server] => nginx/1.25.5
                                    [content-type] => application/json
                                    [x-powered-by] => PHP/8.1.19
                                    [cache-control] => no-cache, private
                                    [date] => Fri, 24 May 2024 04:14:05 GMT
                                    [x-debug-token] => e62621
                                    [x-debug-token-link] => https://api.nfsmir.ru/_profiler/e62621
                                    [x-robots-tag] => noindex
                                    [strict-transport-security] => max-age=31536000;
                                )

                        )

                    [Body] => Webhook body is not logged unless WP_DEBUG mode is turned on. This is to avoid the storing of personal data in the logs.
                )

        )

)
2024-05-24T04:14:08+00:00 INFO Array
(
    [Webhook Delivery] => Array
        (
            [Delivery ID] => 05f8c9c32b93c58ab7bfd590a2a65085
            [Date] => 24.05.2024 в 04:14
            [URL] => https://api.nfsmir.ru/api/catalog/wp-update
            [Duration] => 1.21485
            [Request] => Array
                (
                    [Method] => POST
                    [Headers] => Array
                        (
                            [User-Agent] => WooCommerce/8.9.1 Hookshot (WordPress/6.5)
                            [Content-Type] => application/json
                            [X-WC-Webhook-Source] => https://wp.nfsmir.ru/
                            [X-WC-Webhook-Topic] => order.updated
                            [X-WC-Webhook-Resource] => order
                            [X-WC-Webhook-Event] => updated
                            [X-WC-Webhook-Signature] => 4n/CoJXdUCH2qjWSB8YEEj1N7s+UqDXW44AQ23cr/G8=
                            [X-WC-Webhook-ID] => 2
                            [X-WC-Webhook-Delivery-ID] => 05f8c9c32b93c58ab7bfd590a2a65085
                        )

                )

            [Body] => Webhook body is not logged unless WP_DEBUG mode is turned on. This is to avoid the storing of personal data in the logs.
            [Response] => Array
                (
                    [Code] => 200
                    [Message] => OK
                    [Headers] => WpOrg\Requests\Utility\CaseInsensitiveDictionary Object
                        (
                            [data:protected] => Array
                                (
                                    [server] => nginx/1.25.5
                                    [content-type] => application/json
                                    [x-powered-by] => PHP/8.1.19
                                    [cache-control] => no-cache, private
                                    [date] => Fri, 24 May 2024 04:14:07 GMT
                                    [x-debug-token] => aa2513
                                    [x-debug-token-link] => https://api.nfsmir.ru/_profiler/aa2513
                                    [x-robots-tag] => noindex
                                    [strict-transport-security] => max-age=31536000;
                                )

                        )

                    [Body] => Webhook body is not logged unless WP_DEBUG mode is turned on. This is to avoid the storing of personal data in the logs.
                )

        )

)
2024-05-24T04:14:10+00:00 INFO Array
(
    [Webhook Delivery] => Array
        (
            [Delivery ID] => c2eff66f6adb550426a2a762193f02cc
            [Date] => 24.05.2024 в 04:14
            [URL] => https://api.nfsmir.ru/api/catalog/wp-order
            [Duration] => 1.44065
            [Request] => Array
                (
                    [Method] => POST
                    [Headers] => Array
                        (
                            [User-Agent] => WooCommerce/8.9.1 Hookshot (WordPress/6.5)
                            [Content-Type] => application/json
                            [X-WC-Webhook-Source] => https://wp.nfsmir.ru/
                            [X-WC-Webhook-Topic] => order.created
                            [X-WC-Webhook-Resource] => order
                            [X-WC-Webhook-Event] => created
                            [X-WC-Webhook-Signature] => 5232bPq8/zfyaEH6MZJGs9HHG1TMqZRsT8m2fv0wSH0=
                            [X-WC-Webhook-ID] => 1
                            [X-WC-Webhook-Delivery-ID] => c2eff66f6adb550426a2a762193f02cc
                        )

                )

            [Body] => Webhook body is not logged unless WP_DEBUG mode is turned on. This is to avoid the storing of personal data in the logs.
            [Response] => Array
                (
                    [Code] => 200
                    [Message] => OK
                    [Headers] => WpOrg\Requests\Utility\CaseInsensitiveDictionary Object
                        (
                            [data:protected] => Array
                                (
                                    [server] => nginx/1.25.5
                                    [content-type] => application/json
                                    [x-powered-by] => PHP/8.1.19
                                    [cache-control] => no-cache, private
                                    [date] => Fri, 24 May 2024 04:14:09 GMT
                                    [x-debug-token] => f85610
                                    [x-debug-token-link] => https://api.nfsmir.ru/_profiler/f85610
                                    [x-robots-tag] => noindex
                                    [strict-transport-security] => max-age=31536000;
                                )

                        )

                    [Body] => Webhook body is not logged unless WP_DEBUG mode is turned on. This is to avoid the storing of personal data in the logs.
                )

        )

)
2024-05-24T04:14:12+00:00 INFO Array
(
    [Webhook Delivery] => Array
        (
            [Delivery ID] => d476682577eb718c39588ee913eb21f8
            [Date] => 24.05.2024 в 04:14
            [URL] => https://api.nfsmir.ru/api/catalog/wp-update
            [Duration] => 2.092
            [Request] => Array
                (
                    [Method] => POST
                    [Headers] => Array
                        (
                            [User-Agent] => WooCommerce/8.9.1 Hookshot (WordPress/6.5)
                            [Content-Type] => application/json
                            [X-WC-Webhook-Source] => https://wp.nfsmir.ru/
                            [X-WC-Webhook-Topic] => order.updated
                            [X-WC-Webhook-Resource] => order
                            [X-WC-Webhook-Event] => updated
                            [X-WC-Webhook-Signature] => wXMXT8ROm+rsKWDiEOuR+6XDGT4K9LhYxaggYYdw3V0=
                            [X-WC-Webhook-ID] => 2
                            [X-WC-Webhook-Delivery-ID] => d476682577eb718c39588ee913eb21f8
                        )

                )

            [Body] => Webhook body is not logged unless WP_DEBUG mode is turned on. This is to avoid the storing of personal data in the logs.
            [Response] => Array
                (
                    [Code] => 200
                    [Message] => OK
                    [Headers] => WpOrg\Requests\Utility\CaseInsensitiveDictionary Object
                        (
                            [data:protected] => Array
                                (
                                    [server] => nginx/1.25.5
                                    [content-type] => application/json
                                    [x-powered-by] => PHP/8.1.19
                                    [cache-control] => no-cache, private
                                    [date] => Fri, 24 May 2024 04:14:10 GMT
                                    [x-debug-token] => ac019c
                                    [x-debug-token-link] => https://api.nfsmir.ru/_profiler/ac019c
                                    [x-robots-tag] => noindex
                                    [strict-transport-security] => max-age=31536000;
                                )

                        )

                    [Body] => Webhook body is not logged unless WP_DEBUG mode is turned on. This is to avoid the storing of personal data in the logs.
                )

        )

)
