2024-05-01T15:33:22+00:00 INFO Array
(
    [Webhook Delivery] => Array
        (
            [Delivery ID] => 4ff879e013e111da8930028d2f85f7d7
            [Date] => 01.05.2024 в 15:33
            [URL] => http://0.0.0.0:82/api/catalog/wp-order
            [Duration] => 0.07806
            [Request] => Array
                (
                    [Method] => POST
                    [Headers] => Array
                        (
                            [User-Agent] => WooCommerce/8.3.0 Hookshot (WordPress/6.5)
                            [Content-Type] => application/json
                            [X-WC-Webhook-Source] => http://nfs-wp.loc/
                            [X-WC-Webhook-Topic] => order.created
                            [X-WC-Webhook-Resource] => order
                            [X-WC-Webhook-Event] => created
                            [X-WC-Webhook-Signature] => CC/FsvpimpbpKKq/Xafhsid6hMDwR6tePP/jCd06D4I=
                            [X-WC-Webhook-ID] => 1
                            [X-WC-Webhook-Delivery-ID] => 4ff879e013e111da8930028d2f85f7d7
                        )

                )

            [Body] => {\"id\":11934,\"parent_id\":0,\"status\":\"pending\",\"currency\":\"RUB\",\"version\":\"8.3.0\",\"prices_include_tax\":false,\"date_created\":\"2024-05-01T22:32:20\",\"date_modified\":\"2024-05-01T22:32:35\",\"discount_total\":\"0\",\"discount_tax\":\"0\",\"shipping_total\":\"0\",\"shipping_tax\":\"0\",\"cart_tax\":\"0\",\"total\":\"2000\",\"total_tax\":\"0\",\"customer_id\":0,\"order_key\":\"wc_order_Pf7J4KoDUKof8\",\"billing\":{\"first_name\":\"\",\"last_name\":\"\",\"company\":\"\",\"address_1\":\"\",\"address_2\":\"\",\"city\":\"\",\"state\":\"\",\"postcode\":\"\",\"country\":\"\",\"email\":\"\",\"phone\":\"\"},\"shipping\":{\"first_name\":\"\",\"last_name\":\"\",\"company\":\"\",\"address_1\":\"\",\"address_2\":\"\",\"city\":\"\",\"state\":\"\",\"postcode\":\"\",\"country\":\"\",\"phone\":\"\"},\"payment_method\":\"\",\"payment_method_title\":\"\",\"transaction_id\":\"\",\"customer_ip_address\":\"\",\"customer_user_agent\":\"\",\"created_via\":\"admin\",\"customer_note\":\"\",\"date_completed\":null,\"date_paid\":null,\"cart_hash\":\"\",\"number\":\"11934\",\"meta_data\":[],\"line_items\":[{\"id\":67,\"name\":\"\\u0423\\u0440\\u043e\\u043a \\u0432\\u0435\\u0440\\u0445\\u043e\\u0432\\u043e\\u0439 \\u0435\\u0437\\u0434\\u044b\",\"product_id\":6508,\"variation_id\":0,\"quantity\":1,\"tax_class\":\"\",\"subtotal\":\"2000\",\"subtotal_tax\":\"0\",\"total\":\"2000\",\"total_tax\":\"0\",\"taxes\":[],\"meta_data\":[],\"sku\":\"\",\"price\":2000,\"image\":{\"id\":\"11694\",\"src\":\"http:\\/\\/nfs-wp.loc\\/wp-content\\/uploads\\/2022\\/02\\/girls-ride-horses.jpg\"},\"parent_name\":null}],\"tax_lines\":[],\"shipping_lines\":[],\"fee_lines\":[],\"coupon_lines\":[],\"refunds\":[],\"payment_url\":\"http:\\/\\/nfs-wp.loc\\/checkout-2\\/order-pay\\/11934\\/?pay_for_order=true&key=wc_order_Pf7J4KoDUKof8\",\"is_editable\":true,\"needs_payment\":true,\"needs_processing\":true,\"date_created_gmt\":\"2024-05-01T15:32:20\",\"date_modified_gmt\":\"2024-05-01T15:32:35\",\"date_completed_gmt\":null,\"date_paid_gmt\":null,\"currency_symbol\":\"\\u20bd\",\"_links\":{\"self\":[{\"href\":\"http:\\/\\/nfs-wp.loc\\/wp-json\\/wc\\/v3\\/orders\\/11934\"}],\"collection\":[{\"href\":\"http:\\/\\/nfs-wp.loc\\/wp-json\\/wc\\/v3\\/orders\"}]}}
            [Response] => Array
                (
                    [Code] => http_request_failed
                    [Message] => Предоставлен неверный URL.
                    [Headers] => Array
                        (
                        )

                    [Body] => 
                )

        )

)

2024-05-01T15:41:30+00:00 INFO Array
(
    [Webhook Delivery] => Array
        (
            [Delivery ID] => be89b3bbefa1050c346cc91659a0f9fc
            [Date] => 01.05.2024 в 15:41
            [URL] => http://0.0.0.0:82/api/catalog/wp-order
            [Duration] => 0.92375
            [Request] => Array
                (
                    [Method] => POST
                    [Headers] => Array
                        (
                            [User-Agent] => WooCommerce/8.3.0 Hookshot (WordPress/6.5)
                            [Content-Type] => application/json
                            [X-WC-Webhook-Source] => http://nfs-wp.loc/
                            [X-WC-Webhook-Topic] => order.created
                            [X-WC-Webhook-Resource] => order
                            [X-WC-Webhook-Event] => created
                            [X-WC-Webhook-Signature] => icZ8+cu3V8A4CmI3wADYT6ViyRJVGqPfcB32z1W9BJU=
                            [X-WC-Webhook-ID] => 1
                            [X-WC-Webhook-Delivery-ID] => be89b3bbefa1050c346cc91659a0f9fc
                        )

                )

            [Body] => {\"id\":11935,\"parent_id\":0,\"status\":\"pending\",\"currency\":\"RUB\",\"version\":\"8.3.0\",\"prices_include_tax\":false,\"date_created\":\"2024-05-01T22:40:58\",\"date_modified\":\"2024-05-01T22:41:12\",\"discount_total\":\"0\",\"discount_tax\":\"0\",\"shipping_total\":\"0\",\"shipping_tax\":\"0\",\"cart_tax\":\"0\",\"total\":\"2000\",\"total_tax\":\"0\",\"customer_id\":0,\"order_key\":\"wc_order_qX35AIULdodF0\",\"billing\":{\"first_name\":\"\",\"last_name\":\"\",\"company\":\"\",\"address_1\":\"\",\"address_2\":\"\",\"city\":\"\",\"state\":\"\",\"postcode\":\"\",\"country\":\"\",\"email\":\"\",\"phone\":\"\"},\"shipping\":{\"first_name\":\"\",\"last_name\":\"\",\"company\":\"\",\"address_1\":\"\",\"address_2\":\"\",\"city\":\"\",\"state\":\"\",\"postcode\":\"\",\"country\":\"\",\"phone\":\"\"},\"payment_method\":\"\",\"payment_method_title\":\"\",\"transaction_id\":\"\",\"customer_ip_address\":\"\",\"customer_user_agent\":\"\",\"created_via\":\"admin\",\"customer_note\":\"\",\"date_completed\":null,\"date_paid\":null,\"cart_hash\":\"\",\"number\":\"11935\",\"meta_data\":[],\"line_items\":[{\"id\":68,\"name\":\"SPA-DAY LIGHT EDGE\",\"product_id\":11806,\"variation_id\":0,\"quantity\":1,\"tax_class\":\"\",\"subtotal\":\"2000\",\"subtotal_tax\":\"0\",\"total\":\"2000\",\"total_tax\":\"0\",\"taxes\":[],\"meta_data\":[],\"sku\":\"\",\"price\":2000,\"image\":{\"id\":\"11811\",\"src\":\"http:\\/\\/nfs-wp.loc\\/wp-content\\/uploads\\/2023\\/10\\/file_5hw7p.jpg\"},\"parent_name\":null}],\"tax_lines\":[],\"shipping_lines\":[],\"fee_lines\":[],\"coupon_lines\":[],\"refunds\":[],\"payment_url\":\"http:\\/\\/nfs-wp.loc\\/checkout-2\\/order-pay\\/11935\\/?pay_for_order=true&key=wc_order_qX35AIULdodF0\",\"is_editable\":true,\"needs_payment\":true,\"needs_processing\":true,\"date_created_gmt\":\"2024-05-01T15:40:58\",\"date_modified_gmt\":\"2024-05-01T15:41:12\",\"date_completed_gmt\":null,\"date_paid_gmt\":null,\"currency_symbol\":\"\\u20bd\",\"_links\":{\"self\":[{\"href\":\"http:\\/\\/nfs-wp.loc\\/wp-json\\/wc\\/v3\\/orders\\/11935\"}],\"collection\":[{\"href\":\"http:\\/\\/nfs-wp.loc\\/wp-json\\/wc\\/v3\\/orders\"}]}}
            [Response] => Array
                (
                    [Code] => 200
                    [Message] => OK
                    [Headers] => WpOrg\Requests\Utility\CaseInsensitiveDictionary Object
                        (
                            [data:protected] => Array
                                (
                                    [server] => nginx/1.18.0
                                    [date] => Wed, 01 May 2024 15:41:30 GMT
                                    [content-type] => text/html; charset=UTF-8
                                    [x-powered-by] => PHP/8.1.19
                                    [content-encoding] => gzip
                                )

                        )

                    [Body] => Array
(
    [id] => 11935
    [parent_id] => 0
    [status] => pending
    [currency] => RUB
    [version] => 8.3.0
    [prices_include_tax] => 
    [date_created] => 2024-05-01T22:40:58
    [date_modified] => 2024-05-01T22:41:12
    [discount_total] => 0
    [discount_tax] => 0
    [shipping_total] => 0
    [shipping_tax] => 0
    [cart_tax] => 0
    [total] => 2000
    [total_tax] => 0
    [customer_id] => 0
    [order_key] => wc_order_qX35AIULdodF0
    [billing] => Array
        (
            [first_name] => 
            [last_name] => 
            [company] => 
            [address_1] => 
            [address_2] => 
            [city] => 
            [state] => 
            [postcode] => 
            [country] => 
            [email] => 
            [phone] => 
        )

    [shipping] => Array
        (
            [first_name] => 
            [last_name] => 
            [company] => 
            [address_1] => 
            [address_2] => 
            [city] => 
            [state] => 
            [postcode] => 
            [country] => 
            [phone] => 
        )

    [payment_method] => 
    [payment_method_title] => 
    [transaction_id] => 
    [customer_ip_address] => 
    [customer_user_agent] => 
    [created_via] => admin
    [customer_note] => 
    [date_completed] => 
    [date_paid] => 
    [cart_hash] => 
    [number] => 11935
    [meta_data] => Array
        (
        )

    [line_items] => Array
        (
            [0] => Array
                (
                    [id] => 68
                    [name] => SPA-DAY LIGHT EDGE
                    [product_id] => 11806
                    [variation_id] => 0
                    [quantity] => 1
                    [tax_class] => 
                    [subtotal] => 2000
                    [subtotal_tax] => 0
                    [total] => 2000
                    [total_tax] => 0
                    [taxes] => Array
                        (
                        )

                    [meta_data] => Array
                        (
                        )

                    [sku] => 
                    [price] => 2000
                    [image] => Array
                        (
                            [id] => 11811
                            [src] => http://nfs-wp.loc/wp-content/uploads/2023/10/file_5hw7p.jpg
                        )

                    [parent_name] => 
                )

        )

    [tax_lines] => Array
        (
        )

    [shipping_lines] => Array
        (
        )

    [fee_lines] => Array
        (
        )

    [coupon_lines] => Array
        (
        )

    [refunds] => Array
        (
        )

    [payment_url] => http://nfs-wp.loc/checkout-2/order-pay/11935/?pay_for_order=true&key=wc_order_qX35AIULdodF0
    [is_editable] => 1
    [needs_payment] => 1
    [needs_processing] => 1
    [date_created_gmt] => 2024-05-01T15:40:58
    [date_modified_gmt] => 2024-05-01T15:41:12
    [date_completed_gmt] => 
    [date_paid_gmt] => 
    [currency_symbol] => ₽
    [_links] => Array
        (
            [self] => Array
                (
                    [0] => Array
                        (
                            [href] => http://nfs-wp.loc/wp-json/wc/v3/orders/11935
                        )

                )

            [collection] => Array
                (
                    [0] => Array
                        (
                            [href] => http://nfs-wp.loc/wp-json/wc/v3/orders
                        )

                )

        )

)

                )

        )

)

2024-05-01T15:43:16+00:00 INFO Array
(
    [Webhook Delivery] => Array
        (
            [Delivery ID] => 0a2d3925a0a86fd21cde91413acb804b
            [Date] => 01.05.2024 в 15:43
            [URL] => http://0.0.0.0:82/api/catalog/wp-order
            [Duration] => 0.29974
            [Request] => Array
                (
                    [Method] => POST
                    [Headers] => Array
                        (
                            [User-Agent] => WooCommerce/8.3.0 Hookshot (WordPress/6.5)
                            [Content-Type] => application/json
                            [X-WC-Webhook-Source] => http://nfs-wp.loc/
                            [X-WC-Webhook-Topic] => order.created
                            [X-WC-Webhook-Resource] => order
                            [X-WC-Webhook-Event] => created
                            [X-WC-Webhook-Signature] => eH8S7cpp0+V4KP03umROlT1/x1I8A6/B9hu2BzJQhbk=
                            [X-WC-Webhook-ID] => 1
                            [X-WC-Webhook-Delivery-ID] => 0a2d3925a0a86fd21cde91413acb804b
                        )

                )

            [Body] => {\"id\":11936,\"parent_id\":0,\"status\":\"pending\",\"currency\":\"RUB\",\"version\":\"8.3.0\",\"prices_include_tax\":false,\"date_created\":\"2024-05-01T22:42:31\",\"date_modified\":\"2024-05-01T22:42:44\",\"discount_total\":\"0\",\"discount_tax\":\"0\",\"shipping_total\":\"0\",\"shipping_tax\":\"0\",\"cart_tax\":\"0\",\"total\":\"2000\",\"total_tax\":\"0\",\"customer_id\":0,\"order_key\":\"wc_order_0GKtOHcZzJ1qY\",\"billing\":{\"first_name\":\"\",\"last_name\":\"\",\"company\":\"\",\"address_1\":\"\",\"address_2\":\"\",\"city\":\"\",\"state\":\"\",\"postcode\":\"\",\"country\":\"\",\"email\":\"\",\"phone\":\"\"},\"shipping\":{\"first_name\":\"\",\"last_name\":\"\",\"company\":\"\",\"address_1\":\"\",\"address_2\":\"\",\"city\":\"\",\"state\":\"\",\"postcode\":\"\",\"country\":\"\",\"phone\":\"\"},\"payment_method\":\"\",\"payment_method_title\":\"\",\"transaction_id\":\"\",\"customer_ip_address\":\"\",\"customer_user_agent\":\"\",\"created_via\":\"admin\",\"customer_note\":\"\",\"date_completed\":null,\"date_paid\":null,\"cart_hash\":\"\",\"number\":\"11936\",\"meta_data\":[],\"line_items\":[{\"id\":69,\"name\":\"SPA-DAY LIGHT EDGE\",\"product_id\":11806,\"variation_id\":0,\"quantity\":1,\"tax_class\":\"\",\"subtotal\":\"2000\",\"subtotal_tax\":\"0\",\"total\":\"2000\",\"total_tax\":\"0\",\"taxes\":[],\"meta_data\":[],\"sku\":\"\",\"price\":2000,\"image\":{\"id\":\"11811\",\"src\":\"http:\\/\\/nfs-wp.loc\\/wp-content\\/uploads\\/2023\\/10\\/file_5hw7p.jpg\"},\"parent_name\":null}],\"tax_lines\":[],\"shipping_lines\":[],\"fee_lines\":[],\"coupon_lines\":[],\"refunds\":[],\"payment_url\":\"http:\\/\\/nfs-wp.loc\\/checkout-2\\/order-pay\\/11936\\/?pay_for_order=true&key=wc_order_0GKtOHcZzJ1qY\",\"is_editable\":true,\"needs_payment\":true,\"needs_processing\":true,\"date_created_gmt\":\"2024-05-01T15:42:31\",\"date_modified_gmt\":\"2024-05-01T15:42:44\",\"date_completed_gmt\":null,\"date_paid_gmt\":null,\"currency_symbol\":\"\\u20bd\",\"_links\":{\"self\":[{\"href\":\"http:\\/\\/nfs-wp.loc\\/wp-json\\/wc\\/v3\\/orders\\/11936\"}],\"collection\":[{\"href\":\"http:\\/\\/nfs-wp.loc\\/wp-json\\/wc\\/v3\\/orders\"}]}}
            [Response] => Array
                (
                    [Code] => 200
                    [Message] => OK
                    [Headers] => WpOrg\Requests\Utility\CaseInsensitiveDictionary Object
                        (
                            [data:protected] => Array
                                (
                                    [server] => nginx/1.18.0
                                    [date] => Wed, 01 May 2024 15:43:16 GMT
                                    [content-type] => text/html; charset=UTF-8
                                    [x-powered-by] => PHP/8.1.19
                                    [content-encoding] => gzip
                                )

                        )

                    [Body] => 11936
                )

        )

)

