2024-04-17T17:06:49+00:00 INFO Array
(
    [Webhook Delivery] => Array
        (
            [Delivery ID] => d1419a177bd7f1a5dba58822ad141822
            [Date] => 17.04.2024 в 17:06
            [URL] => http://0.0.0.0:82/api/catalog/order
            [Duration] => 0.07961
            [Request] => Array
                (
                    [Method] => POST
                    [Headers] => Array
                        (
                            [User-Agent] => WooCommerce/8.3.0 Hookshot (WordPress/6.5)
                            [Content-Type] => application/json
                            [X-WC-Webhook-Source] => http://nfs-wp.loc/
                            [X-WC-Webhook-Topic] => order.created
                            [X-WC-Webhook-Resource] => order
                            [X-WC-Webhook-Event] => created
                            [X-WC-Webhook-Signature] => StYJMlJdyv4/bnke+E4kN3BTx3PuNIF+233m8GsU3wo=
                            [X-WC-Webhook-ID] => 1
                            [X-WC-Webhook-Delivery-ID] => d1419a177bd7f1a5dba58822ad141822
                        )

                )

            [Body] => {\"id\":11897,\"parent_id\":0,\"status\":\"pending\",\"currency\":\"RUB\",\"version\":\"8.3.0\",\"prices_include_tax\":false,\"date_created\":\"2024-04-18T00:05:37\",\"date_modified\":\"2024-04-18T00:06:32\",\"discount_total\":\"0\",\"discount_tax\":\"0\",\"shipping_total\":\"0\",\"shipping_tax\":\"0\",\"cart_tax\":\"0\",\"total\":\"2000\",\"total_tax\":\"0\",\"customer_id\":0,\"order_key\":\"wc_order_kyI3zvBs6kB1Z\",\"billing\":{\"first_name\":\"\",\"last_name\":\"\",\"company\":\"\",\"address_1\":\"\",\"address_2\":\"\",\"city\":\"\",\"state\":\"\",\"postcode\":\"\",\"country\":\"\",\"email\":\"\",\"phone\":\"\"},\"shipping\":{\"first_name\":\"\",\"last_name\":\"\",\"company\":\"\",\"address_1\":\"\",\"address_2\":\"\",\"city\":\"\",\"state\":\"\",\"postcode\":\"\",\"country\":\"\",\"phone\":\"\"},\"payment_method\":\"\",\"payment_method_title\":\"\",\"transaction_id\":\"\",\"customer_ip_address\":\"\",\"customer_user_agent\":\"\",\"created_via\":\"admin\",\"customer_note\":\"\",\"date_completed\":null,\"date_paid\":null,\"cart_hash\":\"\",\"number\":\"11897\",\"meta_data\":[],\"line_items\":[{\"id\":35,\"name\":\"\\u0423\\u0440\\u043e\\u043a \\u0432\\u0435\\u0440\\u0445\\u043e\\u0432\\u043e\\u0439 \\u0435\\u0437\\u0434\\u044b\",\"product_id\":6508,\"variation_id\":0,\"quantity\":1,\"tax_class\":\"\",\"subtotal\":\"2000\",\"subtotal_tax\":\"0\",\"total\":\"2000\",\"total_tax\":\"0\",\"taxes\":[],\"meta_data\":[],\"sku\":\"\",\"price\":2000,\"image\":{\"id\":\"11694\",\"src\":\"http:\\/\\/nfs-wp.loc\\/wp-content\\/uploads\\/2022\\/02\\/girls-ride-horses.jpg\"},\"parent_name\":null}],\"tax_lines\":[],\"shipping_lines\":[],\"fee_lines\":[],\"coupon_lines\":[],\"refunds\":[],\"payment_url\":\"http:\\/\\/nfs-wp.loc\\/checkout-2\\/order-pay\\/11897\\/?pay_for_order=true&key=wc_order_kyI3zvBs6kB1Z\",\"is_editable\":true,\"needs_payment\":true,\"needs_processing\":true,\"date_created_gmt\":\"2024-04-17T17:05:37\",\"date_modified_gmt\":\"2024-04-17T17:06:32\",\"date_completed_gmt\":null,\"date_paid_gmt\":null,\"currency_symbol\":\"\\u20bd\",\"_links\":{\"self\":[{\"href\":\"http:\\/\\/nfs-wp.loc\\/wp-json\\/wc\\/v3\\/orders\\/11897\"}],\"collection\":[{\"href\":\"http:\\/\\/nfs-wp.loc\\/wp-json\\/wc\\/v3\\/orders\"}]}}
            [Response] => Array
                (
                    [Code] => http_request_failed
                    [Message] => Предоставлен неверный URL.
                    [Headers] => Array
                        (
                        )

                    [Body] => 
                )

        )

)

2024-04-17T17:08:53+00:00 INFO Array
(
    [Webhook Delivery] => Array
        (
            [Delivery ID] => 27e2e5ddb455cd1ea41168654ef7faa9
            [Date] => 17.04.2024 в 17:08
            [URL] => http://0.0.0.0:82/api/catalog/order
            [Duration] => 0.113
            [Request] => Array
                (
                    [Method] => POST
                    [Headers] => Array
                        (
                            [User-Agent] => WooCommerce/8.3.0 Hookshot (WordPress/6.5)
                            [Content-Type] => application/json
                            [X-WC-Webhook-Source] => http://nfs-wp.loc/
                            [X-WC-Webhook-Topic] => order.created
                            [X-WC-Webhook-Resource] => order
                            [X-WC-Webhook-Event] => created
                            [X-WC-Webhook-Signature] => bWAggnkspKhcXTmNJBYZHR7wPvFUqEQj7BiUbUXW8Vs=
                            [X-WC-Webhook-ID] => 1
                            [X-WC-Webhook-Delivery-ID] => 27e2e5ddb455cd1ea41168654ef7faa9
                        )

                )

            [Body] => {\"id\":11898,\"parent_id\":0,\"status\":\"pending\",\"currency\":\"RUB\",\"version\":\"8.3.0\",\"prices_include_tax\":false,\"date_created\":\"2024-04-18T00:08:28\",\"date_modified\":\"2024-04-18T00:08:53\",\"discount_total\":\"0\",\"discount_tax\":\"0\",\"shipping_total\":\"0\",\"shipping_tax\":\"0\",\"cart_tax\":\"0\",\"total\":\"2000\",\"total_tax\":\"0\",\"customer_id\":0,\"order_key\":\"wc_order_RyNS41SPnzmEU\",\"billing\":{\"first_name\":\"\",\"last_name\":\"\",\"company\":\"\",\"address_1\":\"\",\"address_2\":\"\",\"city\":\"\",\"state\":\"\",\"postcode\":\"\",\"country\":\"\",\"email\":\"\",\"phone\":\"\"},\"shipping\":{\"first_name\":\"\",\"last_name\":\"\",\"company\":\"\",\"address_1\":\"\",\"address_2\":\"\",\"city\":\"\",\"state\":\"\",\"postcode\":\"\",\"country\":\"\",\"phone\":\"\"},\"payment_method\":\"\",\"payment_method_title\":\"\",\"transaction_id\":\"\",\"customer_ip_address\":\"\",\"customer_user_agent\":\"\",\"created_via\":\"admin\",\"customer_note\":\"\",\"date_completed\":null,\"date_paid\":null,\"cart_hash\":\"\",\"number\":\"11898\",\"meta_data\":[],\"line_items\":[{\"id\":36,\"name\":\"SPA-DAY LIGHT EDGE\",\"product_id\":11806,\"variation_id\":0,\"quantity\":1,\"tax_class\":\"\",\"subtotal\":\"2000\",\"subtotal_tax\":\"0\",\"total\":\"2000\",\"total_tax\":\"0\",\"taxes\":[],\"meta_data\":[],\"sku\":\"\",\"price\":2000,\"image\":{\"id\":\"11811\",\"src\":\"http:\\/\\/nfs-wp.loc\\/wp-content\\/uploads\\/2023\\/10\\/file_5hw7p.jpg\"},\"parent_name\":null}],\"tax_lines\":[],\"shipping_lines\":[],\"fee_lines\":[],\"coupon_lines\":[],\"refunds\":[],\"payment_url\":\"http:\\/\\/nfs-wp.loc\\/checkout-2\\/order-pay\\/11898\\/?pay_for_order=true&key=wc_order_RyNS41SPnzmEU\",\"is_editable\":true,\"needs_payment\":true,\"needs_processing\":true,\"date_created_gmt\":\"2024-04-17T17:08:28\",\"date_modified_gmt\":\"2024-04-17T17:08:53\",\"date_completed_gmt\":null,\"date_paid_gmt\":null,\"currency_symbol\":\"\\u20bd\",\"_links\":{\"self\":[{\"href\":\"http:\\/\\/nfs-wp.loc\\/wp-json\\/wc\\/v3\\/orders\\/11898\"}],\"collection\":[{\"href\":\"http:\\/\\/nfs-wp.loc\\/wp-json\\/wc\\/v3\\/orders\"}]}}
            [Response] => Array
                (
                    [Code] => http_request_failed
                    [Message] => Предоставлен неверный URL.
                    [Headers] => Array
                        (
                        )

                    [Body] => 
                )

        )

)

