2024-05-02T09:45:43+00:00 INFO Array
(
    [Webhook Delivery] => Array
        (
            [Delivery ID] => b2e5cba4a6d04925abcda5811f32e549
            [Date] => 02.05.2024 в 09:45
            [URL] => http://0.0.0.0:82/api/catalog/wp-order
            [Duration] => 24.19191
            [Request] => Array
                (
                    [Method] => POST
                    [Headers] => Array
                        (
                            [User-Agent] => WooCommerce/8.3.0 Hookshot (WordPress/6.5)
                            [Content-Type] => application/json
                            [X-WC-Webhook-Source] => http://nfs-wp.loc/
                            [X-WC-Webhook-Topic] => order.created
                            [X-WC-Webhook-Resource] => order
                            [X-WC-Webhook-Event] => created
                            [X-WC-Webhook-Signature] => RG1aY5eVTr9dGa/45qM44EhOrJm/903VpjmlGA5+pOs=
                            [X-WC-Webhook-ID] => 1
                            [X-WC-Webhook-Delivery-ID] => b2e5cba4a6d04925abcda5811f32e549
                        )

                )

            [Body] => {\"id\":11937,\"parent_id\":0,\"status\":\"pending\",\"currency\":\"RUB\",\"version\":\"8.3.0\",\"prices_include_tax\":false,\"date_created\":\"2024-05-02T16:44:25\",\"date_modified\":\"2024-05-02T16:44:42\",\"discount_total\":\"0\",\"discount_tax\":\"0\",\"shipping_total\":\"0\",\"shipping_tax\":\"0\",\"cart_tax\":\"0\",\"total\":\"2000\",\"total_tax\":\"0\",\"customer_id\":0,\"order_key\":\"wc_order_F8zZ1TfaJNhEh\",\"billing\":{\"first_name\":\"\",\"last_name\":\"\",\"company\":\"\",\"address_1\":\"\",\"address_2\":\"\",\"city\":\"\",\"state\":\"\",\"postcode\":\"\",\"country\":\"\",\"email\":\"\",\"phone\":\"\"},\"shipping\":{\"first_name\":\"\",\"last_name\":\"\",\"company\":\"\",\"address_1\":\"\",\"address_2\":\"\",\"city\":\"\",\"state\":\"\",\"postcode\":\"\",\"country\":\"\",\"phone\":\"\"},\"payment_method\":\"\",\"payment_method_title\":\"\",\"transaction_id\":\"\",\"customer_ip_address\":\"\",\"customer_user_agent\":\"\",\"created_via\":\"admin\",\"customer_note\":\"\",\"date_completed\":null,\"date_paid\":null,\"cart_hash\":\"\",\"number\":\"11937\",\"meta_data\":[],\"line_items\":[{\"id\":70,\"name\":\"\\u0423\\u0440\\u043e\\u043a \\u0432\\u0435\\u0440\\u0445\\u043e\\u0432\\u043e\\u0439 \\u0435\\u0437\\u0434\\u044b\",\"product_id\":6508,\"variation_id\":0,\"quantity\":1,\"tax_class\":\"\",\"subtotal\":\"2000\",\"subtotal_tax\":\"0\",\"total\":\"2000\",\"total_tax\":\"0\",\"taxes\":[],\"meta_data\":[],\"sku\":\"\",\"price\":2000,\"image\":{\"id\":\"11694\",\"src\":\"http:\\/\\/nfs-wp.loc\\/wp-content\\/uploads\\/2022\\/02\\/girls-ride-horses.jpg\"},\"parent_name\":null}],\"tax_lines\":[],\"shipping_lines\":[],\"fee_lines\":[],\"coupon_lines\":[],\"refunds\":[],\"payment_url\":\"http:\\/\\/nfs-wp.loc\\/checkout-2\\/order-pay\\/11937\\/?pay_for_order=true&key=wc_order_F8zZ1TfaJNhEh\",\"is_editable\":true,\"needs_payment\":true,\"needs_processing\":true,\"date_created_gmt\":\"2024-05-02T09:44:25\",\"date_modified_gmt\":\"2024-05-02T09:44:42\",\"date_completed_gmt\":null,\"date_paid_gmt\":null,\"currency_symbol\":\"\\u20bd\",\"_links\":{\"self\":[{\"href\":\"http:\\/\\/nfs-wp.loc\\/wp-json\\/wc\\/v3\\/orders\\/11937\"}],\"collection\":[{\"href\":\"http:\\/\\/nfs-wp.loc\\/wp-json\\/wc\\/v3\\/orders\"}]}}
            [Response] => Array
                (
                    [Code] => 200
                    [Message] => OK
                    [Headers] => WpOrg\Requests\Utility\CaseInsensitiveDictionary Object
                        (
                            [data:protected] => Array
                                (
                                    [server] => nginx/1.18.0
                                    [date] => Thu, 02 May 2024 09:45:43 GMT
                                    [content-type] => text/html; charset=UTF-8
                                    [x-powered-by] => PHP/8.1.19
                                    [content-encoding] => gzip
                                )

                        )

                    [Body] => 
                )

        )

)

2024-05-02T09:54:40+00:00 INFO Array
(
    [Webhook Delivery] => Array
        (
            [Delivery ID] => 0b09440391777dab7e826a5f0deae984
            [Date] => 02.05.2024 в 09:54
            [URL] => http://0.0.0.0:82/api/catalog/wp-order
            [Duration] => 16.05124
            [Request] => Array
                (
                    [Method] => POST
                    [Headers] => Array
                        (
                            [User-Agent] => WooCommerce/8.3.0 Hookshot (WordPress/6.5)
                            [Content-Type] => application/json
                            [X-WC-Webhook-Source] => http://nfs-wp.loc/
                            [X-WC-Webhook-Topic] => order.created
                            [X-WC-Webhook-Resource] => order
                            [X-WC-Webhook-Event] => created
                            [X-WC-Webhook-Signature] => 2lB6mWnrhw0mGKMK41GnnGSOqsiBV+gmfH4jvjtg4Ik=
                            [X-WC-Webhook-ID] => 1
                            [X-WC-Webhook-Delivery-ID] => 0b09440391777dab7e826a5f0deae984
                        )

                )

            [Body] => {\"id\":11938,\"parent_id\":0,\"status\":\"pending\",\"currency\":\"RUB\",\"version\":\"8.3.0\",\"prices_include_tax\":false,\"date_created\":\"2024-05-02T16:53:59\",\"date_modified\":\"2024-05-02T16:54:23\",\"discount_total\":\"0\",\"discount_tax\":\"0\",\"shipping_total\":\"0\",\"shipping_tax\":\"0\",\"cart_tax\":\"0\",\"total\":\"2000\",\"total_tax\":\"0\",\"customer_id\":0,\"order_key\":\"wc_order_zKs7z8Egip4l2\",\"billing\":{\"first_name\":\"\",\"last_name\":\"\",\"company\":\"\",\"address_1\":\"\",\"address_2\":\"\",\"city\":\"\",\"state\":\"\",\"postcode\":\"\",\"country\":\"\",\"email\":\"\",\"phone\":\"\"},\"shipping\":{\"first_name\":\"\",\"last_name\":\"\",\"company\":\"\",\"address_1\":\"\",\"address_2\":\"\",\"city\":\"\",\"state\":\"\",\"postcode\":\"\",\"country\":\"\",\"phone\":\"\"},\"payment_method\":\"\",\"payment_method_title\":\"\",\"transaction_id\":\"\",\"customer_ip_address\":\"\",\"customer_user_agent\":\"\",\"created_via\":\"admin\",\"customer_note\":\"\",\"date_completed\":null,\"date_paid\":null,\"cart_hash\":\"\",\"number\":\"11938\",\"meta_data\":[],\"line_items\":[{\"id\":71,\"name\":\"SPA-DAY LIGHT EDGE\",\"product_id\":11806,\"variation_id\":0,\"quantity\":1,\"tax_class\":\"\",\"subtotal\":\"2000\",\"subtotal_tax\":\"0\",\"total\":\"2000\",\"total_tax\":\"0\",\"taxes\":[],\"meta_data\":[],\"sku\":\"\",\"price\":2000,\"image\":{\"id\":\"11811\",\"src\":\"http:\\/\\/nfs-wp.loc\\/wp-content\\/uploads\\/2023\\/10\\/file_5hw7p.jpg\"},\"parent_name\":null}],\"tax_lines\":[],\"shipping_lines\":[],\"fee_lines\":[],\"coupon_lines\":[],\"refunds\":[],\"payment_url\":\"http:\\/\\/nfs-wp.loc\\/checkout-2\\/order-pay\\/11938\\/?pay_for_order=true&key=wc_order_zKs7z8Egip4l2\",\"is_editable\":true,\"needs_payment\":true,\"needs_processing\":true,\"date_created_gmt\":\"2024-05-02T09:53:59\",\"date_modified_gmt\":\"2024-05-02T09:54:23\",\"date_completed_gmt\":null,\"date_paid_gmt\":null,\"currency_symbol\":\"\\u20bd\",\"_links\":{\"self\":[{\"href\":\"http:\\/\\/nfs-wp.loc\\/wp-json\\/wc\\/v3\\/orders\\/11938\"}],\"collection\":[{\"href\":\"http:\\/\\/nfs-wp.loc\\/wp-json\\/wc\\/v3\\/orders\"}]}}
            [Response] => Array
                (
                    [Code] => 200
                    [Message] => OK
                    [Headers] => WpOrg\Requests\Utility\CaseInsensitiveDictionary Object
                        (
                            [data:protected] => Array
                                (
                                    [server] => nginx/1.18.0
                                    [date] => Thu, 02 May 2024 09:54:40 GMT
                                    [content-type] => text/html; charset=UTF-8
                                    [x-powered-by] => PHP/8.1.19
                                    [content-encoding] => gzip
                                )

                        )

                    [Body] => 
                )

        )

)

2024-05-02T09:57:18+00:00 INFO Array
(
    [Webhook Delivery] => Array
        (
            [Delivery ID] => 4fe841fb096ce1a4759680e7355d18b4
            [Date] => 02.05.2024 в 09:57
            [URL] => http://0.0.0.0:82/api/catalog/wp-order
            [Duration] => 0.15658
            [Request] => Array
                (
                    [Method] => POST
                    [Headers] => Array
                        (
                            [User-Agent] => WooCommerce/8.3.0 Hookshot (WordPress/6.5)
                            [Content-Type] => application/json
                            [X-WC-Webhook-Source] => http://nfs-wp.loc/
                            [X-WC-Webhook-Topic] => order.created
                            [X-WC-Webhook-Resource] => order
                            [X-WC-Webhook-Event] => created
                            [X-WC-Webhook-Signature] => wmCpKLSD2aiBtM/XP51Jss4dRhe5C5JH0zlLGH8oQgQ=
                            [X-WC-Webhook-ID] => 1
                            [X-WC-Webhook-Delivery-ID] => 4fe841fb096ce1a4759680e7355d18b4
                        )

                )

            [Body] => {\"id\":11939,\"parent_id\":0,\"status\":\"pending\",\"currency\":\"RUB\",\"version\":\"8.3.0\",\"prices_include_tax\":false,\"date_created\":\"2024-05-02T16:56:58\",\"date_modified\":\"2024-05-02T16:57:15\",\"discount_total\":\"0\",\"discount_tax\":\"0\",\"shipping_total\":\"0\",\"shipping_tax\":\"0\",\"cart_tax\":\"0\",\"total\":\"2000\",\"total_tax\":\"0\",\"customer_id\":0,\"order_key\":\"wc_order_6UEx79J6Cdxkf\",\"billing\":{\"first_name\":\"\",\"last_name\":\"\",\"company\":\"\",\"address_1\":\"\",\"address_2\":\"\",\"city\":\"\",\"state\":\"\",\"postcode\":\"\",\"country\":\"\",\"email\":\"\",\"phone\":\"\"},\"shipping\":{\"first_name\":\"\",\"last_name\":\"\",\"company\":\"\",\"address_1\":\"\",\"address_2\":\"\",\"city\":\"\",\"state\":\"\",\"postcode\":\"\",\"country\":\"\",\"phone\":\"\"},\"payment_method\":\"\",\"payment_method_title\":\"\",\"transaction_id\":\"\",\"customer_ip_address\":\"\",\"customer_user_agent\":\"\",\"created_via\":\"admin\",\"customer_note\":\"\",\"date_completed\":null,\"date_paid\":null,\"cart_hash\":\"\",\"number\":\"11939\",\"meta_data\":[],\"line_items\":[{\"id\":72,\"name\":\"SPA-DAY LIGHT EDGE\",\"product_id\":11806,\"variation_id\":0,\"quantity\":1,\"tax_class\":\"\",\"subtotal\":\"2000\",\"subtotal_tax\":\"0\",\"total\":\"2000\",\"total_tax\":\"0\",\"taxes\":[],\"meta_data\":[],\"sku\":\"\",\"price\":2000,\"image\":{\"id\":\"11811\",\"src\":\"http:\\/\\/nfs-wp.loc\\/wp-content\\/uploads\\/2023\\/10\\/file_5hw7p.jpg\"},\"parent_name\":null}],\"tax_lines\":[],\"shipping_lines\":[],\"fee_lines\":[],\"coupon_lines\":[],\"refunds\":[],\"payment_url\":\"http:\\/\\/nfs-wp.loc\\/checkout-2\\/order-pay\\/11939\\/?pay_for_order=true&key=wc_order_6UEx79J6Cdxkf\",\"is_editable\":true,\"needs_payment\":true,\"needs_processing\":true,\"date_created_gmt\":\"2024-05-02T09:56:58\",\"date_modified_gmt\":\"2024-05-02T09:57:15\",\"date_completed_gmt\":null,\"date_paid_gmt\":null,\"currency_symbol\":\"\\u20bd\",\"_links\":{\"self\":[{\"href\":\"http:\\/\\/nfs-wp.loc\\/wp-json\\/wc\\/v3\\/orders\\/11939\"}],\"collection\":[{\"href\":\"http:\\/\\/nfs-wp.loc\\/wp-json\\/wc\\/v3\\/orders\"}]}}
            [Response] => Array
                (
                    [Code] => http_request_failed
                    [Message] => Предоставлен неверный URL.
                    [Headers] => Array
                        (
                        )

                    [Body] => 
                )

        )

)

2024-05-02T12:01:44+00:00 INFO Array
(
    [Webhook Delivery] => Array
        (
            [Delivery ID] => 54a366c4de56bab0cba17b7565bf04e6
            [Date] => 02.05.2024 в 12:01
            [URL] => http://0.0.0.0:82/api/catalog/wp-order
            [Duration] => 0.09124
            [Request] => Array
                (
                    [Method] => POST
                    [Headers] => Array
                        (
                            [User-Agent] => WooCommerce/8.3.0 Hookshot (WordPress/6.5)
                            [Content-Type] => application/json
                            [X-WC-Webhook-Source] => http://nfs-wp.loc/
                            [X-WC-Webhook-Topic] => order.created
                            [X-WC-Webhook-Resource] => order
                            [X-WC-Webhook-Event] => created
                            [X-WC-Webhook-Signature] => a+DrnE9Vbv91vmGs/wwpmElHw0Qvo7zU+9e7SWHRrvI=
                            [X-WC-Webhook-ID] => 1
                            [X-WC-Webhook-Delivery-ID] => 54a366c4de56bab0cba17b7565bf04e6
                        )

                )

            [Body] => {\"id\":11940,\"parent_id\":0,\"status\":\"pending\",\"currency\":\"RUB\",\"version\":\"8.3.0\",\"prices_include_tax\":false,\"date_created\":\"2024-05-02T19:00:25\",\"date_modified\":\"2024-05-02T19:00:39\",\"discount_total\":\"0\",\"discount_tax\":\"0\",\"shipping_total\":\"0\",\"shipping_tax\":\"0\",\"cart_tax\":\"0\",\"total\":\"2000\",\"total_tax\":\"0\",\"customer_id\":0,\"order_key\":\"wc_order_59hPBfgsNAxJ2\",\"billing\":{\"first_name\":\"\",\"last_name\":\"\",\"company\":\"\",\"address_1\":\"\",\"address_2\":\"\",\"city\":\"\",\"state\":\"\",\"postcode\":\"\",\"country\":\"\",\"email\":\"\",\"phone\":\"\"},\"shipping\":{\"first_name\":\"\",\"last_name\":\"\",\"company\":\"\",\"address_1\":\"\",\"address_2\":\"\",\"city\":\"\",\"state\":\"\",\"postcode\":\"\",\"country\":\"\",\"phone\":\"\"},\"payment_method\":\"\",\"payment_method_title\":\"\",\"transaction_id\":\"\",\"customer_ip_address\":\"\",\"customer_user_agent\":\"\",\"created_via\":\"admin\",\"customer_note\":\"\",\"date_completed\":null,\"date_paid\":null,\"cart_hash\":\"\",\"number\":\"11940\",\"meta_data\":[],\"line_items\":[{\"id\":73,\"name\":\"\\u041d\\u0435\\u0439\\u0440\\u043e\\u0441\\u0435\\u0434\\u0430\\u0442\\u0438\\u0432\\u043d\\u044b\\u0439 \\u043c\\u0430\\u0441\\u0441\\u0430\\u0436 \\u043b\\u0438\\u0446\\u0430\",\"product_id\":11819,\"variation_id\":0,\"quantity\":1,\"tax_class\":\"\",\"subtotal\":\"2000\",\"subtotal_tax\":\"0\",\"total\":\"2000\",\"total_tax\":\"0\",\"taxes\":[],\"meta_data\":[],\"sku\":\"\",\"price\":2000,\"image\":{\"id\":\"11820\",\"src\":\"http:\\/\\/nfs-wp.loc\\/wp-content\\/uploads\\/2023\\/10\\/3_CLUBNIK___.jpg\"},\"parent_name\":null}],\"tax_lines\":[],\"shipping_lines\":[],\"fee_lines\":[],\"coupon_lines\":[],\"refunds\":[],\"payment_url\":\"http:\\/\\/nfs-wp.loc\\/checkout-2\\/order-pay\\/11940\\/?pay_for_order=true&key=wc_order_59hPBfgsNAxJ2\",\"is_editable\":true,\"needs_payment\":true,\"needs_processing\":true,\"date_created_gmt\":\"2024-05-02T12:00:25\",\"date_modified_gmt\":\"2024-05-02T12:00:39\",\"date_completed_gmt\":null,\"date_paid_gmt\":null,\"currency_symbol\":\"\\u20bd\",\"_links\":{\"self\":[{\"href\":\"http:\\/\\/nfs-wp.loc\\/wp-json\\/wc\\/v3\\/orders\\/11940\"}],\"collection\":[{\"href\":\"http:\\/\\/nfs-wp.loc\\/wp-json\\/wc\\/v3\\/orders\"}]}}
            [Response] => Array
                (
                    [Code] => http_request_failed
                    [Message] => Предоставлен неверный URL.
                    [Headers] => Array
                        (
                        )

                    [Body] => 
                )

        )

)

2024-05-02T12:02:45+00:00 INFO Array
(
    [Webhook Delivery] => Array
        (
            [Delivery ID] => 96814097bb7edde489bbb97664e4e5fe
            [Date] => 02.05.2024 в 12:02
            [URL] => http://0.0.0.0:82/api/catalog/wp-order
            [Duration] => 0.07788
            [Request] => Array
                (
                    [Method] => POST
                    [Headers] => Array
                        (
                            [User-Agent] => WooCommerce/8.3.0 Hookshot (WordPress/6.5)
                            [Content-Type] => application/json
                            [X-WC-Webhook-Source] => http://nfs-wp.loc/
                            [X-WC-Webhook-Topic] => order.created
                            [X-WC-Webhook-Resource] => order
                            [X-WC-Webhook-Event] => created
                            [X-WC-Webhook-Signature] => PCVUUG7qsic88eUkkGOT5ucUsS51QqvF9m+awq/YQn4=
                            [X-WC-Webhook-ID] => 1
                            [X-WC-Webhook-Delivery-ID] => 96814097bb7edde489bbb97664e4e5fe
                        )

                )

            [Body] => {\"id\":11941,\"parent_id\":0,\"status\":\"pending\",\"currency\":\"RUB\",\"version\":\"8.3.0\",\"prices_include_tax\":false,\"date_created\":\"2024-05-02T19:02:10\",\"date_modified\":\"2024-05-02T19:02:28\",\"discount_total\":\"0\",\"discount_tax\":\"0\",\"shipping_total\":\"0\",\"shipping_tax\":\"0\",\"cart_tax\":\"0\",\"total\":\"2000\",\"total_tax\":\"0\",\"customer_id\":0,\"order_key\":\"wc_order_DTlxKH3RS5fEH\",\"billing\":{\"first_name\":\"\",\"last_name\":\"\",\"company\":\"\",\"address_1\":\"\",\"address_2\":\"\",\"city\":\"\",\"state\":\"\",\"postcode\":\"\",\"country\":\"\",\"email\":\"\",\"phone\":\"\"},\"shipping\":{\"first_name\":\"\",\"last_name\":\"\",\"company\":\"\",\"address_1\":\"\",\"address_2\":\"\",\"city\":\"\",\"state\":\"\",\"postcode\":\"\",\"country\":\"\",\"phone\":\"\"},\"payment_method\":\"\",\"payment_method_title\":\"\",\"transaction_id\":\"\",\"customer_ip_address\":\"\",\"customer_user_agent\":\"\",\"created_via\":\"admin\",\"customer_note\":\"\",\"date_completed\":null,\"date_paid\":null,\"cart_hash\":\"\",\"number\":\"11941\",\"meta_data\":[],\"line_items\":[{\"id\":74,\"name\":\"SPA-DAY LIGHT EDGE\",\"product_id\":11806,\"variation_id\":0,\"quantity\":1,\"tax_class\":\"\",\"subtotal\":\"2000\",\"subtotal_tax\":\"0\",\"total\":\"2000\",\"total_tax\":\"0\",\"taxes\":[],\"meta_data\":[],\"sku\":\"\",\"price\":2000,\"image\":{\"id\":\"11811\",\"src\":\"http:\\/\\/nfs-wp.loc\\/wp-content\\/uploads\\/2023\\/10\\/file_5hw7p.jpg\"},\"parent_name\":null}],\"tax_lines\":[],\"shipping_lines\":[],\"fee_lines\":[],\"coupon_lines\":[],\"refunds\":[],\"payment_url\":\"http:\\/\\/nfs-wp.loc\\/checkout-2\\/order-pay\\/11941\\/?pay_for_order=true&key=wc_order_DTlxKH3RS5fEH\",\"is_editable\":true,\"needs_payment\":true,\"needs_processing\":true,\"date_created_gmt\":\"2024-05-02T12:02:10\",\"date_modified_gmt\":\"2024-05-02T12:02:28\",\"date_completed_gmt\":null,\"date_paid_gmt\":null,\"currency_symbol\":\"\\u20bd\",\"_links\":{\"self\":[{\"href\":\"http:\\/\\/nfs-wp.loc\\/wp-json\\/wc\\/v3\\/orders\\/11941\"}],\"collection\":[{\"href\":\"http:\\/\\/nfs-wp.loc\\/wp-json\\/wc\\/v3\\/orders\"}]}}
            [Response] => Array
                (
                    [Code] => http_request_failed
                    [Message] => Предоставлен неверный URL.
                    [Headers] => Array
                        (
                        )

                    [Body] => 
                )

        )

)

2024-05-02T12:04:41+00:00 INFO Array
(
    [Webhook Delivery] => Array
        (
            [Delivery ID] => f5b658c1725cdb8a1d3b34cb4737ceb4
            [Date] => 02.05.2024 в 12:04
            [URL] => http://0.0.0.0:82/api/catalog/wp-order
            [Duration] => 18.03276
            [Request] => Array
                (
                    [Method] => POST
                    [Headers] => Array
                        (
                            [User-Agent] => WooCommerce/8.3.0 Hookshot (WordPress/6.5)
                            [Content-Type] => application/json
                            [X-WC-Webhook-Source] => http://nfs-wp.loc/
                            [X-WC-Webhook-Topic] => order.created
                            [X-WC-Webhook-Resource] => order
                            [X-WC-Webhook-Event] => created
                            [X-WC-Webhook-Signature] => SJW3BHUt1LEZjsRTZpPilsCVJrYfuJIcp0vK/R4Q638=
                            [X-WC-Webhook-ID] => 1
                            [X-WC-Webhook-Delivery-ID] => f5b658c1725cdb8a1d3b34cb4737ceb4
                        )

                )

            [Body] => {\"id\":11942,\"parent_id\":0,\"status\":\"pending\",\"currency\":\"RUB\",\"version\":\"8.3.0\",\"prices_include_tax\":false,\"date_created\":\"2024-05-02T19:03:41\",\"date_modified\":\"2024-05-02T19:03:56\",\"discount_total\":\"0\",\"discount_tax\":\"0\",\"shipping_total\":\"0\",\"shipping_tax\":\"0\",\"cart_tax\":\"0\",\"total\":\"2000\",\"total_tax\":\"0\",\"customer_id\":0,\"order_key\":\"wc_order_xyNI3vdwNwAiC\",\"billing\":{\"first_name\":\"\",\"last_name\":\"\",\"company\":\"\",\"address_1\":\"\",\"address_2\":\"\",\"city\":\"\",\"state\":\"\",\"postcode\":\"\",\"country\":\"\",\"email\":\"\",\"phone\":\"\"},\"shipping\":{\"first_name\":\"\",\"last_name\":\"\",\"company\":\"\",\"address_1\":\"\",\"address_2\":\"\",\"city\":\"\",\"state\":\"\",\"postcode\":\"\",\"country\":\"\",\"phone\":\"\"},\"payment_method\":\"\",\"payment_method_title\":\"\",\"transaction_id\":\"\",\"customer_ip_address\":\"\",\"customer_user_agent\":\"\",\"created_via\":\"admin\",\"customer_note\":\"\",\"date_completed\":null,\"date_paid\":null,\"cart_hash\":\"\",\"number\":\"11942\",\"meta_data\":[],\"line_items\":[{\"id\":75,\"name\":\"\\u041d\\u0435\\u0439\\u0440\\u043e\\u0441\\u0435\\u0434\\u0430\\u0442\\u0438\\u0432\\u043d\\u044b\\u0439 \\u043c\\u0430\\u0441\\u0441\\u0430\\u0436 \\u043b\\u0438\\u0446\\u0430\",\"product_id\":11819,\"variation_id\":0,\"quantity\":1,\"tax_class\":\"\",\"subtotal\":\"2000\",\"subtotal_tax\":\"0\",\"total\":\"2000\",\"total_tax\":\"0\",\"taxes\":[],\"meta_data\":[],\"sku\":\"\",\"price\":2000,\"image\":{\"id\":\"11820\",\"src\":\"http:\\/\\/nfs-wp.loc\\/wp-content\\/uploads\\/2023\\/10\\/3_CLUBNIK___.jpg\"},\"parent_name\":null}],\"tax_lines\":[],\"shipping_lines\":[],\"fee_lines\":[],\"coupon_lines\":[],\"refunds\":[],\"payment_url\":\"http:\\/\\/nfs-wp.loc\\/checkout-2\\/order-pay\\/11942\\/?pay_for_order=true&key=wc_order_xyNI3vdwNwAiC\",\"is_editable\":true,\"needs_payment\":true,\"needs_processing\":true,\"date_created_gmt\":\"2024-05-02T12:03:41\",\"date_modified_gmt\":\"2024-05-02T12:03:56\",\"date_completed_gmt\":null,\"date_paid_gmt\":null,\"currency_symbol\":\"\\u20bd\",\"_links\":{\"self\":[{\"href\":\"http:\\/\\/nfs-wp.loc\\/wp-json\\/wc\\/v3\\/orders\\/11942\"}],\"collection\":[{\"href\":\"http:\\/\\/nfs-wp.loc\\/wp-json\\/wc\\/v3\\/orders\"}]}}
            [Response] => Array
                (
                    [Code] => 200
                    [Message] => OK
                    [Headers] => WpOrg\Requests\Utility\CaseInsensitiveDictionary Object
                        (
                            [data:protected] => Array
                                (
                                    [server] => nginx/1.18.0
                                    [date] => Thu, 02 May 2024 12:04:40 GMT
                                    [content-type] => text/html; charset=UTF-8
                                    [x-powered-by] => PHP/8.1.19
                                    [content-encoding] => gzip
                                )

                        )

                    [Body] => 
                )

        )

)

