2024-05-21T12:26:36+00:00 INFO Array
(
    [Webhook Delivery] => Array
        (
            [Delivery ID] => a473a45895eab1586f8f46137833e59e
            [Date] => 21.05.2024 в 12:26
            [URL] => https://api.nfsmir.ru/api/catalog/wp-order
            [Duration] => 1.5847
            [Request] => Array
                (
                    [Method] => POST
                    [Headers] => Array
                        (
                            [User-Agent] => WooCommerce/8.8.3 Hookshot (WordPress/6.5.3)
                            [Content-Type] => application/json
                            [X-WC-Webhook-Source] => https://wp.nfsmir.ru/
                            [X-WC-Webhook-Topic] => order.created
                            [X-WC-Webhook-Resource] => order
                            [X-WC-Webhook-Event] => created
                            [X-WC-Webhook-Signature] => O7iOUjiLoZ5fkj/pqvMkiNs6gwdXCx25SzIWo2mZ0FM=
                            [X-WC-Webhook-ID] => 1
                            [X-WC-Webhook-Delivery-ID] => a473a45895eab1586f8f46137833e59e
                        )

                )

            [Body] => Webhook body is not logged unless WP_DEBUG mode is turned on. This is to avoid the storing of personal data in the logs.
            [Response] => Array
                (
                    [Code] => 400
                    [Message] => Bad Request
                    [Headers] => WpOrg\Requests\Utility\CaseInsensitiveDictionary Object
                        (
                            [data:protected] => Array
                                (
                                    [server] => nginx/1.25.5
                                    [content-type] => application/json
                                    [x-powered-by] => PHP/8.1.19
                                    [cache-control] => no-cache, private
                                    [date] => Tue, 21 May 2024 12:26:35 GMT
                                    [x-debug-token] => c50f9c
                                    [x-debug-token-link] => https://api.nfsmir.ru/_profiler/c50f9c
                                    [x-robots-tag] => noindex
                                )

                        )

                    [Body] => Webhook body is not logged unless WP_DEBUG mode is turned on. This is to avoid the storing of personal data in the logs.
                )

        )

)
2024-05-21T12:26:38+00:00 INFO Array
(
    [Webhook Delivery] => Array
        (
            [Delivery ID] => 167b818151d6c1510bcbbcd2dfe2355d
            [Date] => 21.05.2024 в 12:26
            [URL] => https://api.nfsmir.ru/api/catalog/wp-update
            [Duration] => 1.58507
            [Request] => Array
                (
                    [Method] => POST
                    [Headers] => Array
                        (
                            [User-Agent] => WooCommerce/8.8.3 Hookshot (WordPress/6.5.3)
                            [Content-Type] => application/json
                            [X-WC-Webhook-Source] => https://wp.nfsmir.ru/
                            [X-WC-Webhook-Topic] => order.updated
                            [X-WC-Webhook-Resource] => order
                            [X-WC-Webhook-Event] => updated
                            [X-WC-Webhook-Signature] => 4GfFJmHLrMaeBe0riN5mySJkDnG4c3V3ORlmM0iqH6U=
                            [X-WC-Webhook-ID] => 2
                            [X-WC-Webhook-Delivery-ID] => 167b818151d6c1510bcbbcd2dfe2355d
                        )

                )

            [Body] => Webhook body is not logged unless WP_DEBUG mode is turned on. This is to avoid the storing of personal data in the logs.
            [Response] => Array
                (
                    [Code] => 400
                    [Message] => Bad Request
                    [Headers] => WpOrg\Requests\Utility\CaseInsensitiveDictionary Object
                        (
                            [data:protected] => Array
                                (
                                    [server] => nginx/1.25.5
                                    [content-type] => application/json
                                    [x-powered-by] => PHP/8.1.19
                                    [cache-control] => no-cache, private
                                    [date] => Tue, 21 May 2024 12:26:37 GMT
                                    [x-debug-token] => cf0520
                                    [x-debug-token-link] => https://api.nfsmir.ru/_profiler/cf0520
                                    [x-robots-tag] => noindex
                                )

                        )

                    [Body] => Webhook body is not logged unless WP_DEBUG mode is turned on. This is to avoid the storing of personal data in the logs.
                )

        )

)
2024-05-21T12:46:51+00:00 INFO Array
(
    [Webhook Delivery] => Array
        (
            [Delivery ID] => 6ba493fbf0dc85438dfb2a3f8b8dd153
            [Date] => 21.05.2024 в 12:46
            [URL] => https://api.nfsmir.ru/api/catalog/wp-order
            [Duration] => 2.46666
            [Request] => Array
                (
                    [Method] => POST
                    [Headers] => Array
                        (
                            [User-Agent] => WooCommerce/8.8.3 Hookshot (WordPress/6.5.3)
                            [Content-Type] => application/json
                            [X-WC-Webhook-Source] => https://wp.nfsmir.ru/
                            [X-WC-Webhook-Topic] => order.created
                            [X-WC-Webhook-Resource] => order
                            [X-WC-Webhook-Event] => created
                            [X-WC-Webhook-Signature] => 0qz9QJdEUrUdB0CFavsB+PU5i55sZ/Qg7fz0da4YSRo=
                            [X-WC-Webhook-ID] => 1
                            [X-WC-Webhook-Delivery-ID] => 6ba493fbf0dc85438dfb2a3f8b8dd153
                        )

                )

            [Body] => Webhook body is not logged unless WP_DEBUG mode is turned on. This is to avoid the storing of personal data in the logs.
            [Response] => Array
                (
                    [Code] => 200
                    [Message] => OK
                    [Headers] => WpOrg\Requests\Utility\CaseInsensitiveDictionary Object
                        (
                            [data:protected] => Array
                                (
                                    [server] => nginx/1.25.5
                                    [content-type] => application/json
                                    [x-powered-by] => PHP/8.1.19
                                    [cache-control] => no-cache, private
                                    [date] => Tue, 21 May 2024 12:46:49 GMT
                                    [x-debug-token] => d66dba
                                    [x-debug-token-link] => https://api.nfsmir.ru/_profiler/d66dba
                                    [x-robots-tag] => noindex
                                    [strict-transport-security] => max-age=31536000;
                                )

                        )

                    [Body] => Webhook body is not logged unless WP_DEBUG mode is turned on. This is to avoid the storing of personal data in the logs.
                )

        )

)
2024-05-21T12:46:54+00:00 INFO Array
(
    [Webhook Delivery] => Array
        (
            [Delivery ID] => a4feadb1f504d6eba4aff532c6a067b5
            [Date] => 21.05.2024 в 12:46
            [URL] => https://api.nfsmir.ru/api/catalog/wp-update
            [Duration] => 2.69789
            [Request] => Array
                (
                    [Method] => POST
                    [Headers] => Array
                        (
                            [User-Agent] => WooCommerce/8.8.3 Hookshot (WordPress/6.5.3)
                            [Content-Type] => application/json
                            [X-WC-Webhook-Source] => https://wp.nfsmir.ru/
                            [X-WC-Webhook-Topic] => order.updated
                            [X-WC-Webhook-Resource] => order
                            [X-WC-Webhook-Event] => updated
                            [X-WC-Webhook-Signature] => Irkd5XYqY23NKjEiEtt9wOeEcZVzKjguEQBEGLWOiYk=
                            [X-WC-Webhook-ID] => 2
                            [X-WC-Webhook-Delivery-ID] => a4feadb1f504d6eba4aff532c6a067b5
                        )

                )

            [Body] => Webhook body is not logged unless WP_DEBUG mode is turned on. This is to avoid the storing of personal data in the logs.
            [Response] => Array
                (
                    [Code] => 200
                    [Message] => OK
                    [Headers] => WpOrg\Requests\Utility\CaseInsensitiveDictionary Object
                        (
                            [data:protected] => Array
                                (
                                    [server] => nginx/1.25.5
                                    [content-type] => application/json
                                    [x-powered-by] => PHP/8.1.19
                                    [cache-control] => no-cache, private
                                    [date] => Tue, 21 May 2024 12:46:52 GMT
                                    [x-debug-token] => b1aac9
                                    [x-debug-token-link] => https://api.nfsmir.ru/_profiler/b1aac9
                                    [x-robots-tag] => noindex
                                    [strict-transport-security] => max-age=31536000;
                                )

                        )

                    [Body] => Webhook body is not logged unless WP_DEBUG mode is turned on. This is to avoid the storing of personal data in the logs.
                )

        )

)
